Build started 19-04-2018 20:07:20.
     1>Project "C:\Users\ASHISH\Documents\Visual Studio 2010\Projects\match_prathesis\match_prathesis\match_prathesis.vcxproj" on node 2 (build target(s)).
     1>InitializeBuildStatus:
         Creating "Debug\match_prathesis.unsuccessfulbuild" because "AlwaysCreate" was specified.
       ClCompile:
         c:\Program Files (x86)\Microsoft Visual Studio 10.0\VC\bin\CL.exe /c /ZI /nologo /W3 /WX- /Od /Oy- /D WIN32 /D _DEBUG /D _CONSOLE /D _UNICODE /D UNICODE /Gm /EHsc /RTC1 /MDd /GS /fp:precise /Zc:wchar_t /Zc:forScope /Yc"StdAfx.h" /Fp"Debug\match_prathesis.pch" /Fo"Debug\\" /Fd"Debug\vc100.pdb" /Gd /TP /analyze- /errorReport:prompt stdafx.cpp
         stdafx.cpp
         c:\Program Files (x86)\Microsoft Visual Studio 10.0\VC\bin\CL.exe /c /ZI /nologo /W3 /WX- /Od /Oy- /D WIN32 /D _DEBUG /D _CONSOLE /D _UNICODE /D UNICODE /Gm /EHsc /RTC1 /MDd /GS /fp:precise /Zc:wchar_t /Zc:forScope /Yu"StdAfx.h" /Fp"Debug\match_prathesis.pch" /Fo"Debug\\" /Fd"Debug\vc100.pdb" /Gd /TP /analyze- /errorReport:prompt match_prathesis.cpp
         Skipping... (no relevant changes detected)
         match_prathesis.cpp
       ManifestResourceCompile:
         All outputs are up-to-date.
       Link:
         c:\Program Files (x86)\Microsoft Visual Studio 10.0\VC\bin\link.exe /ERRORREPORT:PROMPT /OUT:"C:\Users\ASHISH\Documents\Visual Studio 2010\Projects\match_prathesis\Debug\match_prathesis.exe" /INCREMENTAL /NOLOGO kernel32.lib user32.lib gdi32.lib winspool.lib comdlg32.lib advapi32.lib shell32.lib ole32.lib oleaut32.lib uuid.lib odbc32.lib odbccp32.lib /MANIFEST /ManifestFile:"Debug\match_prathesis.exe.intermediate.manifest" /MANIFESTUAC:"level='asInvoker' uiAccess='false'" /DEBUG /PDB:"C:\Users\ASHISH\Documents\Visual Studio 2010\Projects\match_prathesis\Debug\match_prathesis.pdb" /SUBSYSTEM:CONSOLE /TLBID:1 /DYNAMICBASE /NXCOMPAT /IMPLIB:"C:\Users\ASHISH\Documents\Visual Studio 2010\Projects\match_prathesis\Debug\match_prathesis.lib" /MACHINE:X86 Debug\match_prathesis.exe.embed.manifest.res
         Debug\match_prathesis.obj
         Debug\stdafx.obj
       Manifest:
         C:\Program Files (x86)\Microsoft SDKs\Windows\v7.0A\bin\mt.exe /nologo /verbose /out:"Debug\match_prathesis.exe.embed.manifest" /manifest Debug\match_prathesis.exe.intermediate.manifest
         All outputs are up-to-date.
       LinkEmbedManifest:
         All outputs are up-to-date.
         match_prathesis.vcxproj -> C:\Users\ASHISH\Documents\Visual Studio 2010\Projects\match_prathesis\Debug\match_prathesis.exe
       FinalizeBuildStatus:
         Deleting file "Debug\match_prathesis.unsuccessfulbuild".
         Touching "Debug\match_prathesis.lastbuildstate".
     1>Done Building Project "C:\Users\ASHISH\Documents\Visual Studio 2010\Projects\match_prathesis\match_prathesis\match_prathesis.vcxproj" (build target(s)).

Build succeeded.

Time Elapsed 00:00:02.79
