Build started 04-03-2018 21:09:46.
     1>Project "C:\Users\ASHISH\Documents\Visual Studio 2010\Projects\secound\secound\secound.vcxproj" on node 2 (build target(s)).
     1>InitializeBuildStatus:
         Touching "Debug\secound.unsuccessfulbuild".
       ClCompile:
         All outputs are up-to-date.
         c:\Program Files (x86)\Microsoft Visual Studio 10.0\VC\bin\CL.exe /c /ZI /nologo /W3 /WX- /Od /Oy- /D WIN32 /D _DEBUG /D _CONSOLE /D _UNICODE /D UNICODE /Gm /EHsc /RTC1 /MDd /GS /fp:precise /Zc:wchar_t /Zc:forScope /Yu"StdAfx.h" /Fp"Debug\secound.pch" /Fo"Debug\\" /Fd"Debug\vc100.pdb" /Gd /TP /analyze- /errorReport:prompt secound.cpp
         secound.cpp
       ManifestResourceCompile:
         All outputs are up-to-date.
       Link:
         c:\Program Files (x86)\Microsoft Visual Studio 10.0\VC\bin\link.exe /ERRORREPORT:PROMPT /OUT:"C:\Users\ASHISH\Documents\Visual Studio 2010\Projects\secound\Debug\secound.exe" /INCREMENTAL /NOLOGO kernel32.lib user32.lib gdi32.lib winspool.lib comdlg32.lib advapi32.lib shell32.lib ole32.lib oleaut32.lib uuid.lib odbc32.lib odbccp32.lib /MANIFEST /ManifestFile:"Debug\secound.exe.intermediate.manifest" /MANIFESTUAC:"level='asInvoker' uiAccess='false'" /DEBUG /PDB:"C:\Users\ASHISH\Documents\Visual Studio 2010\Projects\secound\Debug\secound.pdb" /SUBSYSTEM:CONSOLE /TLBID:1 /DYNAMICBASE /NXCOMPAT /IMPLIB:"C:\Users\ASHISH\Documents\Visual Studio 2010\Projects\secound\Debug\secound.lib" /MACHINE:X86 Debug\secound.exe.embed.manifest.res
         Debug\secound.obj
         Debug\stdafx.obj
       Manifest:
         C:\Program Files (x86)\Microsoft SDKs\Windows\v7.0A\bin\mt.exe /nologo /verbose /out:"Debug\secound.exe.embed.manifest" /manifest Debug\secound.exe.intermediate.manifest
         All outputs are up-to-date.
       LinkEmbedManifest:
         All outputs are up-to-date.
         secound.vcxproj -> C:\Users\ASHISH\Documents\Visual Studio 2010\Projects\secound\Debug\secound.exe
       FinalizeBuildStatus:
         Deleting file "Debug\secound.unsuccessfulbuild".
         Touching "Debug\secound.lastbuildstate".
     1>Done Building Project "C:\Users\ASHISH\Documents\Visual Studio 2010\Projects\secound\secound\secound.vcxproj" (build target(s)).

Build succeeded.

Time Elapsed 00:00:09.67
