Build started 19-04-2018 20:14:18.
     1>Project "C:\Users\ASHISH\Documents\Visual Studio 2010\Projects\circular_quee\circular_quee\circular_quee.vcxproj" on node 2 (build target(s)).
     1>InitializeBuildStatus:
         Creating "Debug\circular_quee.unsuccessfulbuild" because "AlwaysCreate" was specified.
       ClCompile:
         c:\Program Files (x86)\Microsoft Visual Studio 10.0\VC\bin\CL.exe /c /ZI /nologo /W3 /WX- /Od /Oy- /D WIN32 /D _DEBUG /D _CONSOLE /D _UNICODE /D UNICODE /Gm /EHsc /RTC1 /MDd /GS /fp:precise /Zc:wchar_t /Zc:forScope /Yc"StdAfx.h" /Fp"Debug\circular_quee.pch" /Fo"Debug\\" /Fd"Debug\vc100.pdb" /Gd /TP /analyze- /errorReport:prompt stdafx.cpp
         stdafx.cpp
         c:\Program Files (x86)\Microsoft Visual Studio 10.0\VC\bin\CL.exe /c /ZI /nologo /W3 /WX- /Od /Oy- /D WIN32 /D _DEBUG /D _CONSOLE /D _UNICODE /D UNICODE /Gm /EHsc /RTC1 /MDd /GS /fp:precise /Zc:wchar_t /Zc:forScope /Yu"StdAfx.h" /Fp"Debug\circular_quee.pch" /Fo"Debug\\" /Fd"Debug\vc100.pdb" /Gd /TP /analyze- /errorReport:prompt circular_quee.cpp
         circular_quee.cpp
       ManifestResourceCompile:
         All outputs are up-to-date.
       Link:
         c:\Program Files (x86)\Microsoft Visual Studio 10.0\VC\bin\link.exe /ERRORREPORT:PROMPT /OUT:"C:\Users\ASHISH\Documents\Visual Studio 2010\Projects\circular_quee\Debug\circular_quee.exe" /INCREMENTAL /NOLOGO kernel32.lib user32.lib gdi32.lib winspool.lib comdlg32.lib advapi32.lib shell32.lib ole32.lib oleaut32.lib uuid.lib odbc32.lib odbccp32.lib /MANIFEST /ManifestFile:"Debug\circular_quee.exe.intermediate.manifest" /MANIFESTUAC:"level='asInvoker' uiAccess='false'" /DEBUG /PDB:"C:\Users\ASHISH\Documents\Visual Studio 2010\Projects\circular_quee\Debug\circular_quee.pdb" /SUBSYSTEM:CONSOLE /TLBID:1 /DYNAMICBASE /NXCOMPAT /IMPLIB:"C:\Users\ASHISH\Documents\Visual Studio 2010\Projects\circular_quee\Debug\circular_quee.lib" /MACHINE:X86 Debug\circular_quee.exe.embed.manifest.res
         Debug\circular_quee.obj
         Debug\stdafx.obj
       Manifest:
         C:\Program Files (x86)\Microsoft SDKs\Windows\v7.0A\bin\mt.exe /nologo /verbose /out:"Debug\circular_quee.exe.embed.manifest" /manifest Debug\circular_quee.exe.intermediate.manifest
         All outputs are up-to-date.
       LinkEmbedManifest:
         All outputs are up-to-date.
         circular_quee.vcxproj -> C:\Users\ASHISH\Documents\Visual Studio 2010\Projects\circular_quee\Debug\circular_quee.exe
       FinalizeBuildStatus:
         Deleting file "Debug\circular_quee.unsuccessfulbuild".
         Touching "Debug\circular_quee.lastbuildstate".
     1>Done Building Project "C:\Users\ASHISH\Documents\Visual Studio 2010\Projects\circular_quee\circular_quee\circular_quee.vcxproj" (build target(s)).

Build succeeded.

Time Elapsed 00:00:04.17
