Build started 18-04-2018 21:10:43.
     1>Project "C:\Users\ASHISH\Documents\Visual Studio 2010\Projects\selection_short\selection_short\selection_short.vcxproj" on node 2 (build target(s)).
     1>InitializeBuildStatus:
         Creating "Debug\selection_short.unsuccessfulbuild" because "AlwaysCreate" was specified.
       ClCompile:
         All outputs are up-to-date.
         c:\Program Files (x86)\Microsoft Visual Studio 10.0\VC\bin\CL.exe /c /ZI /nologo /W3 /WX- /Od /Oy- /D WIN32 /D _DEBUG /D _CONSOLE /D _UNICODE /D UNICODE /Gm /EHsc /RTC1 /MDd /GS /fp:precise /Zc:wchar_t /Zc:forScope /Yu"StdAfx.h" /Fp"Debug\selection_short.pch" /Fo"Debug\\" /Fd"Debug\vc100.pdb" /Gd /TP /analyze- /errorReport:prompt selection_short.cpp
         selection_short.cpp
       ManifestResourceCompile:
         All outputs are up-to-date.
       Link:
         c:\Program Files (x86)\Microsoft Visual Studio 10.0\VC\bin\link.exe /ERRORREPORT:PROMPT /OUT:"C:\Users\ASHISH\Documents\Visual Studio 2010\Projects\selection_short\Debug\selection_short.exe" /INCREMENTAL /NOLOGO kernel32.lib user32.lib gdi32.lib winspool.lib comdlg32.lib advapi32.lib shell32.lib ole32.lib oleaut32.lib uuid.lib odbc32.lib odbccp32.lib /MANIFEST /ManifestFile:"Debug\selection_short.exe.intermediate.manifest" /MANIFESTUAC:"level='asInvoker' uiAccess='false'" /DEBUG /PDB:"C:\Users\ASHISH\Documents\Visual Studio 2010\Projects\selection_short\Debug\selection_short.pdb" /SUBSYSTEM:CONSOLE /TLBID:1 /DYNAMICBASE /NXCOMPAT /IMPLIB:"C:\Users\ASHISH\Documents\Visual Studio 2010\Projects\selection_short\Debug\selection_short.lib" /MACHINE:X86 Debug\selection_short.exe.embed.manifest.res
         Debug\selection_short.obj
         Debug\stdafx.obj
       Manifest:
         C:\Program Files (x86)\Microsoft SDKs\Windows\v7.0A\bin\mt.exe /nologo /verbose /out:"Debug\selection_short.exe.embed.manifest" /manifest Debug\selection_short.exe.intermediate.manifest
         All outputs are up-to-date.
       LinkEmbedManifest:
         All outputs are up-to-date.
         selection_short.vcxproj -> C:\Users\ASHISH\Documents\Visual Studio 2010\Projects\selection_short\Debug\selection_short.exe
       FinalizeBuildStatus:
         Deleting file "Debug\selection_short.unsuccessfulbuild".
         Touching "Debug\selection_short.lastbuildstate".
     1>Done Building Project "C:\Users\ASHISH\Documents\Visual Studio 2010\Projects\selection_short\selection_short\selection_short.vcxproj" (build target(s)).

Build succeeded.

Time Elapsed 00:00:02.96
