C:\USERS\ADMIN\DOCUMENTS\VISUAL STUDIO 2010\PROJECTS\SELECTION_SHORT\DEBUG\SELECTION_SHORT.EXE
C:\USERS\ADMIN\DOCUMENTS\VISUAL STUDIO 2010\PROJECTS\SELECTION_SHORT\DEBUG\SELECTION_SHORT.ILK
C:\USERS\ADMIN\DOCUMENTS\VISUAL STUDIO 2010\PROJECTS\SELECTION_SHORT\DEBUG\SELECTION_SHORT.PDB
c:\Users\admin\documents\visual studio 2010\Projects\selection_short\selection_short\Debug\cl.command.1.tlog
c:\Users\admin\documents\visual studio 2010\Projects\selection_short\selection_short\Debug\CL.read.1.tlog
c:\Users\admin\documents\visual studio 2010\Projects\selection_short\selection_short\Debug\CL.write.1.tlog
c:\Users\admin\documents\visual studio 2010\Projects\selection_short\selection_short\Debug\link.2324.read.1.tlog
c:\Users\admin\documents\visual studio 2010\Projects\selection_short\selection_short\Debug\link.2324.write.1.tlog
c:\Users\admin\documents\visual studio 2010\Projects\selection_short\selection_short\Debug\link.2324-cvtres.read.1.tlog
c:\Users\admin\documents\visual studio 2010\Projects\selection_short\selection_short\Debug\link.2324-cvtres.write.1.tlog
c:\Users\admin\documents\visual studio 2010\Projects\selection_short\selection_short\Debug\link.command.1.tlog
c:\Users\admin\documents\visual studio 2010\Projects\selection_short\selection_short\Debug\link.read.1.tlog
c:\Users\admin\documents\visual studio 2010\Projects\selection_short\selection_short\Debug\link.write.1.tlog
c:\Users\admin\documents\visual studio 2010\Projects\selection_short\selection_short\Debug\link-cvtres.read.1.tlog
c:\Users\admin\documents\visual studio 2010\Projects\selection_short\selection_short\Debug\link-cvtres.write.1.tlog
c:\Users\admin\documents\visual studio 2010\Projects\selection_short\selection_short\Debug\mt.command.1.tlog
c:\Users\admin\documents\visual studio 2010\Projects\selection_short\selection_short\Debug\mt.read.1.tlog
c:\Users\admin\documents\visual studio 2010\Projects\selection_short\selection_short\Debug\mt.write.1.tlog
c:\Users\admin\documents\visual studio 2010\Projects\selection_short\selection_short\Debug\rc.command.1.tlog
c:\Users\admin\documents\visual studio 2010\Projects\selection_short\selection_short\Debug\rc.read.1.tlog
c:\Users\admin\documents\visual studio 2010\Projects\selection_short\selection_short\Debug\rc.write.1.tlog
C:\USERS\ADMIN\DOCUMENTS\VISUAL STUDIO 2010\PROJECTS\SELECTION_SHORT\SELECTION_SHORT\DEBUG\SELECTION_SHORT.EXE.EMBED.MANIFEST
C:\USERS\ADMIN\DOCUMENTS\VISUAL STUDIO 2010\PROJECTS\SELECTION_SHORT\SELECTION_SHORT\DEBUG\SELECTION_SHORT.EXE.EMBED.MANIFEST.RES
C:\USERS\ADMIN\DOCUMENTS\VISUAL STUDIO 2010\PROJECTS\SELECTION_SHORT\SELECTION_SHORT\DEBUG\SELECTION_SHORT.EXE.INTERMEDIATE.MANIFEST
C:\USERS\ADMIN\DOCUMENTS\VISUAL STUDIO 2010\PROJECTS\SELECTION_SHORT\SELECTION_SHORT\DEBUG\SELECTION_SHORT.OBJ
C:\USERS\ADMIN\DOCUMENTS\VISUAL STUDIO 2010\PROJECTS\SELECTION_SHORT\SELECTION_SHORT\DEBUG\SELECTION_SHORT.PCH
c:\Users\admin\documents\visual studio 2010\Projects\selection_short\selection_short\Debug\selection_short.write.1.tlog
c:\Users\admin\documents\visual studio 2010\Projects\selection_short\selection_short\Debug\selection_short_manifest.rc
C:\USERS\ADMIN\DOCUMENTS\VISUAL STUDIO 2010\PROJECTS\SELECTION_SHORT\SELECTION_SHORT\DEBUG\STDAFX.OBJ
c:\Users\admin\documents\visual studio 2010\Projects\selection_short\selection_short\Debug\vc100.idb
C:\USERS\ADMIN\DOCUMENTS\VISUAL STUDIO 2010\PROJECTS\SELECTION_SHORT\SELECTION_SHORT\DEBUG\VC100.PDB
