C:\USERS\ADMIN\DOCUMENTS\VISUAL STUDIO 2010\PROJECTS\QUICK_SHORT\DEBUG\QUICK_SHORT.EXE
C:\USERS\ADMIN\DOCUMENTS\VISUAL STUDIO 2010\PROJECTS\QUICK_SHORT\DEBUG\QUICK_SHORT.ILK
C:\USERS\ADMIN\DOCUMENTS\VISUAL STUDIO 2010\PROJECTS\QUICK_SHORT\DEBUG\QUICK_SHORT.PDB
C:\Users\admin\Documents\Visual Studio 2010\Projects\quick_short\quick_short\Debug\cl.command.1.tlog
C:\Users\admin\Documents\Visual Studio 2010\Projects\quick_short\quick_short\Debug\CL.read.1.tlog
C:\Users\admin\Documents\Visual Studio 2010\Projects\quick_short\quick_short\Debug\CL.write.1.tlog
C:\Users\admin\Documents\Visual Studio 2010\Projects\quick_short\quick_short\Debug\link.1092.read.1.tlog
C:\Users\admin\Documents\Visual Studio 2010\Projects\quick_short\quick_short\Debug\link.1092.write.1.tlog
C:\Users\admin\Documents\Visual Studio 2010\Projects\quick_short\quick_short\Debug\link.1092-cvtres.read.1.tlog
C:\Users\admin\Documents\Visual Studio 2010\Projects\quick_short\quick_short\Debug\link.1092-cvtres.write.1.tlog
C:\Users\admin\Documents\Visual Studio 2010\Projects\quick_short\quick_short\Debug\link.3364.read.1.tlog
C:\Users\admin\Documents\Visual Studio 2010\Projects\quick_short\quick_short\Debug\link.3364.write.1.tlog
C:\Users\admin\Documents\Visual Studio 2010\Projects\quick_short\quick_short\Debug\link.3364-cvtres.read.1.tlog
C:\Users\admin\Documents\Visual Studio 2010\Projects\quick_short\quick_short\Debug\link.3364-cvtres.write.1.tlog
C:\Users\admin\Documents\Visual Studio 2010\Projects\quick_short\quick_short\Debug\link.command.1.tlog
C:\Users\admin\Documents\Visual Studio 2010\Projects\quick_short\quick_short\Debug\link.read.1.tlog
C:\Users\admin\Documents\Visual Studio 2010\Projects\quick_short\quick_short\Debug\link.write.1.tlog
C:\Users\admin\Documents\Visual Studio 2010\Projects\quick_short\quick_short\Debug\link-cvtres.read.1.tlog
C:\Users\admin\Documents\Visual Studio 2010\Projects\quick_short\quick_short\Debug\link-cvtres.write.1.tlog
C:\Users\admin\Documents\Visual Studio 2010\Projects\quick_short\quick_short\Debug\mt.command.1.tlog
C:\Users\admin\Documents\Visual Studio 2010\Projects\quick_short\quick_short\Debug\mt.read.1.tlog
C:\Users\admin\Documents\Visual Studio 2010\Projects\quick_short\quick_short\Debug\mt.write.1.tlog
C:\USERS\ADMIN\DOCUMENTS\VISUAL STUDIO 2010\PROJECTS\QUICK_SHORT\QUICK_SHORT\DEBUG\QUICK_SHORT.EXE.EMBED.MANIFEST
C:\USERS\ADMIN\DOCUMENTS\VISUAL STUDIO 2010\PROJECTS\QUICK_SHORT\QUICK_SHORT\DEBUG\QUICK_SHORT.EXE.EMBED.MANIFEST.RES
C:\USERS\ADMIN\DOCUMENTS\VISUAL STUDIO 2010\PROJECTS\QUICK_SHORT\QUICK_SHORT\DEBUG\QUICK_SHORT.EXE.INTERMEDIATE.MANIFEST
C:\USERS\ADMIN\DOCUMENTS\VISUAL STUDIO 2010\PROJECTS\QUICK_SHORT\QUICK_SHORT\DEBUG\QUICK_SHORT.OBJ
C:\USERS\ADMIN\DOCUMENTS\VISUAL STUDIO 2010\PROJECTS\QUICK_SHORT\QUICK_SHORT\DEBUG\QUICK_SHORT.PCH
C:\Users\admin\Documents\Visual Studio 2010\Projects\quick_short\quick_short\Debug\quick_short.vcxprojResolveAssemblyReference.cache
C:\Users\admin\Documents\Visual Studio 2010\Projects\quick_short\quick_short\Debug\quick_short.write.1.tlog
C:\Users\admin\Documents\Visual Studio 2010\Projects\quick_short\quick_short\Debug\quick_short_manifest.rc
C:\Users\admin\Documents\Visual Studio 2010\Projects\quick_short\quick_short\Debug\rc.command.1.tlog
C:\Users\admin\Documents\Visual Studio 2010\Projects\quick_short\quick_short\Debug\rc.read.1.tlog
C:\Users\admin\Documents\Visual Studio 2010\Projects\quick_short\quick_short\Debug\rc.write.1.tlog
C:\USERS\ADMIN\DOCUMENTS\VISUAL STUDIO 2010\PROJECTS\QUICK_SHORT\QUICK_SHORT\DEBUG\STDAFX.OBJ
C:\Users\admin\Documents\Visual Studio 2010\Projects\quick_short\quick_short\Debug\vc100.idb
C:\USERS\ADMIN\DOCUMENTS\VISUAL STUDIO 2010\PROJECTS\QUICK_SHORT\QUICK_SHORT\DEBUG\VC100.PDB
