Build started 3/20/2018 11:53:25 AM.
     1>Project "C:\Users\admin\documents\visual studio 2010\Projects\linked\linked\linked.vcxproj" on node 2 (build target(s)).
     1>InitializeBuildStatus:
         Creating "Debug\linked.unsuccessfulbuild" because "AlwaysCreate" was specified.
       ClCompile:
         All outputs are up-to-date.
         C:\Program Files (x86)\Microsoft Visual Studio 10.0\VC\bin\CL.exe /c /ZI /nologo /W3 /WX- /Od /Oy- /D WIN32 /D _DEBUG /D _CONSOLE /D _UNICODE /D UNICODE /Gm /EHsc /RTC1 /MDd /GS /fp:precise /Zc:wchar_t /Zc:forScope /Yu"StdAfx.h" /Fp"Debug\linked.pch" /Fo"Debug\\" /Fd"Debug\vc100.pdb" /Gd /TP /analyze- /errorReport:prompt LIST.cpp
         LIST.cpp
     1>c:\users\admin\documents\visual studio 2010\projects\linked\linked\list.cpp(91): warning C4715: 'CLIST::deleteAtLast' : not all control paths return a value
       ManifestResourceCompile:
         All outputs are up-to-date.
       Link:
         C:\Program Files (x86)\Microsoft Visual Studio 10.0\VC\bin\link.exe /ERRORREPORT:PROMPT /OUT:"C:\Users\admin\documents\visual studio 2010\Projects\linked\Debug\linked.exe" /INCREMENTAL /NOLOGO kernel32.lib user32.lib gdi32.lib winspool.lib comdlg32.lib advapi32.lib shell32.lib ole32.lib oleaut32.lib uuid.lib odbc32.lib odbccp32.lib /MANIFEST /ManifestFile:"Debug\linked.exe.intermediate.manifest" /MANIFESTUAC:"level='asInvoker' uiAccess='false'" /DEBUG /PDB:"C:\Users\admin\documents\visual studio 2010\Projects\linked\Debug\linked.pdb" /SUBSYSTEM:CONSOLE /TLBID:1 /DYNAMICBASE /NXCOMPAT /IMPLIB:"C:\Users\admin\documents\visual studio 2010\Projects\linked\Debug\linked.lib" /MACHINE:X86 Debug\linked.exe.embed.manifest.res
         Debug\linked.obj
         Debug\LIST.obj
         Debug\stdafx.obj
       Manifest:
         C:\Program Files (x86)\Microsoft SDKs\Windows\v7.0A\bin\mt.exe /nologo /verbose /out:"Debug\linked.exe.embed.manifest" /manifest Debug\linked.exe.intermediate.manifest
         All outputs are up-to-date.
       LinkEmbedManifest:
         All outputs are up-to-date.
         linked.vcxproj -> C:\Users\admin\documents\visual studio 2010\Projects\linked\Debug\linked.exe
       FinalizeBuildStatus:
         Deleting file "Debug\linked.unsuccessfulbuild".
         Touching "Debug\linked.lastbuildstate".
     1>Done Building Project "C:\Users\admin\documents\visual studio 2010\Projects\linked\linked\linked.vcxproj" (build target(s)).

Build succeeded.

Time Elapsed 00:00:00.69
