C:\USERS\ADMIN\DOCUMENTS\VISUAL STUDIO 2010\PROJECTS\LINKED\DEBUG\LINKED.EXE
C:\USERS\ADMIN\DOCUMENTS\VISUAL STUDIO 2010\PROJECTS\LINKED\DEBUG\LINKED.ILK
C:\USERS\ADMIN\DOCUMENTS\VISUAL STUDIO 2010\PROJECTS\LINKED\DEBUG\LINKED.PDB
C:\Users\admin\documents\visual studio 2010\Projects\linked\linked\Debug\cl.command.1.tlog
C:\Users\admin\documents\visual studio 2010\Projects\linked\linked\Debug\CL.read.1.tlog
C:\Users\admin\documents\visual studio 2010\Projects\linked\linked\Debug\CL.write.1.tlog
C:\Users\admin\documents\visual studio 2010\Projects\linked\linked\Debug\link.5604.read.1.tlog
C:\Users\admin\documents\visual studio 2010\Projects\linked\linked\Debug\link.5604.write.1.tlog
C:\Users\admin\documents\visual studio 2010\Projects\linked\linked\Debug\link.5604-cvtres.read.1.tlog
C:\Users\admin\documents\visual studio 2010\Projects\linked\linked\Debug\link.5604-cvtres.write.1.tlog
C:\Users\admin\documents\visual studio 2010\Projects\linked\linked\Debug\link.command.1.tlog
C:\Users\admin\documents\visual studio 2010\Projects\linked\linked\Debug\link.read.1.tlog
C:\Users\admin\documents\visual studio 2010\Projects\linked\linked\Debug\link.write.1.tlog
C:\Users\admin\documents\visual studio 2010\Projects\linked\linked\Debug\link-cvtres.read.1.tlog
C:\Users\admin\documents\visual studio 2010\Projects\linked\linked\Debug\link-cvtres.write.1.tlog
C:\USERS\ADMIN\DOCUMENTS\VISUAL STUDIO 2010\PROJECTS\LINKED\LINKED\DEBUG\LINKED.EXE.EMBED.MANIFEST
C:\USERS\ADMIN\DOCUMENTS\VISUAL STUDIO 2010\PROJECTS\LINKED\LINKED\DEBUG\LINKED.EXE.EMBED.MANIFEST.RES
C:\USERS\ADMIN\DOCUMENTS\VISUAL STUDIO 2010\PROJECTS\LINKED\LINKED\DEBUG\LINKED.EXE.INTERMEDIATE.MANIFEST
C:\USERS\ADMIN\DOCUMENTS\VISUAL STUDIO 2010\PROJECTS\LINKED\LINKED\DEBUG\LINKED.OBJ
C:\USERS\ADMIN\DOCUMENTS\VISUAL STUDIO 2010\PROJECTS\LINKED\LINKED\DEBUG\LINKED.PCH
C:\Users\admin\documents\visual studio 2010\Projects\linked\linked\Debug\linked.write.1.tlog
C:\Users\admin\documents\visual studio 2010\Projects\linked\linked\Debug\linked_manifest.rc
C:\USERS\ADMIN\DOCUMENTS\VISUAL STUDIO 2010\PROJECTS\LINKED\LINKED\DEBUG\LIST.OBJ
C:\Users\admin\documents\visual studio 2010\Projects\linked\linked\Debug\mt.command.1.tlog
C:\Users\admin\documents\visual studio 2010\Projects\linked\linked\Debug\mt.read.1.tlog
C:\Users\admin\documents\visual studio 2010\Projects\linked\linked\Debug\mt.write.1.tlog
C:\Users\admin\documents\visual studio 2010\Projects\linked\linked\Debug\rc.command.1.tlog
C:\Users\admin\documents\visual studio 2010\Projects\linked\linked\Debug\rc.read.1.tlog
C:\Users\admin\documents\visual studio 2010\Projects\linked\linked\Debug\rc.write.1.tlog
C:\USERS\ADMIN\DOCUMENTS\VISUAL STUDIO 2010\PROJECTS\LINKED\LINKED\DEBUG\STDAFX.OBJ
C:\Users\admin\documents\visual studio 2010\Projects\linked\linked\Debug\vc100.idb
C:\USERS\ADMIN\DOCUMENTS\VISUAL STUDIO 2010\PROJECTS\LINKED\LINKED\DEBUG\VC100.PDB
