Build started 2/19/2018 10:47:04 AM.
     1>Project "C:\Users\admin\Documents\Visual Studio 2010\Projects\copyconstructor\copyconstructor\copyconstructor.vcxproj" on node 2 (build target(s)).
     1>InitializeBuildStatus:
         Creating "Debug\copyconstructor.unsuccessfulbuild" because "AlwaysCreate" was specified.
       ClCompile:
         C:\Program Files (x86)\Microsoft Visual Studio 10.0\VC\bin\CL.exe /c /ZI /nologo /W3 /WX- /Od /Oy- /D WIN32 /D _DEBUG /D _CONSOLE /D _UNICODE /D UNICODE /Gm /EHsc /RTC1 /MDd /GS /fp:precise /Zc:wchar_t /Zc:forScope /Yc"StdAfx.h" /Fp"Debug\copyconstructor.pch" /Fo"Debug\\" /Fd"Debug\vc100.pdb" /Gd /TP /analyze- /errorReport:prompt stdafx.cpp
         stdafx.cpp
         C:\Program Files (x86)\Microsoft Visual Studio 10.0\VC\bin\CL.exe /c /ZI /nologo /W3 /WX- /Od /Oy- /D WIN32 /D _DEBUG /D _CONSOLE /D _UNICODE /D UNICODE /Gm /EHsc /RTC1 /MDd /GS /fp:precise /Zc:wchar_t /Zc:forScope /Yu"StdAfx.h" /Fp"Debug\copyconstructor.pch" /Fo"Debug\\" /Fd"Debug\vc100.pdb" /Gd /TP /analyze- /errorReport:prompt copyconstructor.cpp
         copyconstructor.cpp
       ManifestResourceCompile:
         C:\Program Files (x86)\Microsoft SDKs\Windows\v7.0A\bin\rc.exe /nologo /fo"Debug\copyconstructor.exe.embed.manifest.res" Debug\copyconstructor_manifest.rc 
       Link:
         C:\Program Files (x86)\Microsoft Visual Studio 10.0\VC\bin\link.exe /ERRORREPORT:PROMPT /OUT:"C:\Users\admin\Documents\Visual Studio 2010\Projects\copyconstructor\Debug\copyconstructor.exe" /INCREMENTAL /NOLOGO kernel32.lib user32.lib gdi32.lib winspool.lib comdlg32.lib advapi32.lib shell32.lib ole32.lib oleaut32.lib uuid.lib odbc32.lib odbccp32.lib /MANIFEST /ManifestFile:"Debug\copyconstructor.exe.intermediate.manifest" /MANIFESTUAC:"level='asInvoker' uiAccess='false'" /DEBUG /PDB:"C:\Users\admin\Documents\Visual Studio 2010\Projects\copyconstructor\Debug\copyconstructor.pdb" /SUBSYSTEM:CONSOLE /TLBID:1 /DYNAMICBASE /NXCOMPAT /IMPLIB:"C:\Users\admin\Documents\Visual Studio 2010\Projects\copyconstructor\Debug\copyconstructor.lib" /MACHINE:X86 Debug\copyconstructor.exe.embed.manifest.res
         Debug\copyconstructor.obj
         Debug\stdafx.obj
         LINK : C:\Users\admin\Documents\Visual Studio 2010\Projects\copyconstructor\Debug\copyconstructor.exe not found or not built by the last incremental link; performing full link
       Manifest:
         C:\Program Files (x86)\Microsoft SDKs\Windows\v7.0A\bin\mt.exe /nologo /verbose /out:"Debug\copyconstructor.exe.embed.manifest" /manifest Debug\copyconstructor.exe.intermediate.manifest
         All outputs are up-to-date.
       LinkEmbedManifest:
         All outputs are up-to-date.
         copyconstructor.vcxproj -> C:\Users\admin\Documents\Visual Studio 2010\Projects\copyconstructor\Debug\copyconstructor.exe
       FinalizeBuildStatus:
         Deleting file "Debug\copyconstructor.unsuccessfulbuild".
         Touching "Debug\copyconstructor.lastbuildstate".
     1>Done Building Project "C:\Users\admin\Documents\Visual Studio 2010\Projects\copyconstructor\copyconstructor\copyconstructor.vcxproj" (build target(s)).

Build succeeded.

Time Elapsed 00:00:01.43
