C:\USERS\ASHISH\DOCUMENTS\VISUAL STUDIO 2010\PROJECTS\SHELLSORT\DEBUG\SHELLSORT.EXE
C:\USERS\ASHISH\DOCUMENTS\VISUAL STUDIO 2010\PROJECTS\SHELLSORT\DEBUG\SHELLSORT.ILK
C:\USERS\ASHISH\DOCUMENTS\VISUAL STUDIO 2010\PROJECTS\SHELLSORT\DEBUG\SHELLSORT.PDB
c:\Users\ASHISH\documents\visual studio 2010\Projects\shellSort\shellSort\Debug\cl.command.1.tlog
c:\Users\ASHISH\documents\visual studio 2010\Projects\shellSort\shellSort\Debug\CL.read.1.tlog
c:\Users\ASHISH\documents\visual studio 2010\Projects\shellSort\shellSort\Debug\CL.write.1.tlog
c:\Users\ASHISH\documents\visual studio 2010\Projects\shellSort\shellSort\Debug\link.6220.read.1.tlog
c:\Users\ASHISH\documents\visual studio 2010\Projects\shellSort\shellSort\Debug\link.6220.write.1.tlog
c:\Users\ASHISH\documents\visual studio 2010\Projects\shellSort\shellSort\Debug\link.6220-cvtres.read.1.tlog
c:\Users\ASHISH\documents\visual studio 2010\Projects\shellSort\shellSort\Debug\link.6220-cvtres.write.1.tlog
c:\Users\ASHISH\documents\visual studio 2010\Projects\shellSort\shellSort\Debug\link.command.1.tlog
c:\Users\ASHISH\documents\visual studio 2010\Projects\shellSort\shellSort\Debug\link.read.1.tlog
c:\Users\ASHISH\documents\visual studio 2010\Projects\shellSort\shellSort\Debug\link.write.1.tlog
c:\Users\ASHISH\documents\visual studio 2010\Projects\shellSort\shellSort\Debug\link-cvtres.read.1.tlog
c:\Users\ASHISH\documents\visual studio 2010\Projects\shellSort\shellSort\Debug\link-cvtres.write.1.tlog
c:\Users\ASHISH\documents\visual studio 2010\Projects\shellSort\shellSort\Debug\mt.command.1.tlog
c:\Users\ASHISH\documents\visual studio 2010\Projects\shellSort\shellSort\Debug\mt.read.1.tlog
c:\Users\ASHISH\documents\visual studio 2010\Projects\shellSort\shellSort\Debug\mt.write.1.tlog
c:\Users\ASHISH\documents\visual studio 2010\Projects\shellSort\shellSort\Debug\rc.command.1.tlog
c:\Users\ASHISH\documents\visual studio 2010\Projects\shellSort\shellSort\Debug\rc.read.1.tlog
c:\Users\ASHISH\documents\visual studio 2010\Projects\shellSort\shellSort\Debug\rc.write.1.tlog
C:\USERS\ASHISH\DOCUMENTS\VISUAL STUDIO 2010\PROJECTS\SHELLSORT\SHELLSORT\DEBUG\SHELLSORT.EXE.EMBED.MANIFEST
C:\USERS\ASHISH\DOCUMENTS\VISUAL STUDIO 2010\PROJECTS\SHELLSORT\SHELLSORT\DEBUG\SHELLSORT.EXE.EMBED.MANIFEST.RES
C:\USERS\ASHISH\DOCUMENTS\VISUAL STUDIO 2010\PROJECTS\SHELLSORT\SHELLSORT\DEBUG\SHELLSORT.EXE.INTERMEDIATE.MANIFEST
C:\USERS\ASHISH\DOCUMENTS\VISUAL STUDIO 2010\PROJECTS\SHELLSORT\SHELLSORT\DEBUG\SHELLSORT.OBJ
C:\USERS\ASHISH\DOCUMENTS\VISUAL STUDIO 2010\PROJECTS\SHELLSORT\SHELLSORT\DEBUG\SHELLSORT.PCH
c:\Users\ASHISH\documents\visual studio 2010\Projects\shellSort\shellSort\Debug\shellSort.vcxprojResolveAssemblyReference.cache
c:\Users\ASHISH\documents\visual studio 2010\Projects\shellSort\shellSort\Debug\shellSort.write.1.tlog
c:\Users\ASHISH\documents\visual studio 2010\Projects\shellSort\shellSort\Debug\shellSort_manifest.rc
C:\USERS\ASHISH\DOCUMENTS\VISUAL STUDIO 2010\PROJECTS\SHELLSORT\SHELLSORT\DEBUG\STDAFX.OBJ
c:\Users\ASHISH\documents\visual studio 2010\Projects\shellSort\shellSort\Debug\vc100.idb
C:\USERS\ASHISH\DOCUMENTS\VISUAL STUDIO 2010\PROJECTS\SHELLSORT\SHELLSORT\DEBUG\VC100.PDB
