C:\USERS\ADMIN\DOCUMENTS\VISUAL STUDIO 2010\PROJECTS\INSERTION_SORT1\DEBUG\INSERTION_SORT1.EXE
C:\USERS\ADMIN\DOCUMENTS\VISUAL STUDIO 2010\PROJECTS\INSERTION_SORT1\DEBUG\INSERTION_SORT1.ILK
C:\USERS\ADMIN\DOCUMENTS\VISUAL STUDIO 2010\PROJECTS\INSERTION_SORT1\DEBUG\INSERTION_SORT1.PDB
c:\Users\admin\documents\visual studio 2010\Projects\insertion_sort1\insertion_sort1\Debug\cl.command.1.tlog
c:\Users\admin\documents\visual studio 2010\Projects\insertion_sort1\insertion_sort1\Debug\CL.read.1.tlog
c:\Users\admin\documents\visual studio 2010\Projects\insertion_sort1\insertion_sort1\Debug\CL.write.1.tlog
C:\USERS\ADMIN\DOCUMENTS\VISUAL STUDIO 2010\PROJECTS\INSERTION_SORT1\INSERTION_SORT1\DEBUG\INSERTION_SORT1.EXE.EMBED.MANIFEST
C:\USERS\ADMIN\DOCUMENTS\VISUAL STUDIO 2010\PROJECTS\INSERTION_SORT1\INSERTION_SORT1\DEBUG\INSERTION_SORT1.EXE.EMBED.MANIFEST.RES
C:\USERS\ADMIN\DOCUMENTS\VISUAL STUDIO 2010\PROJECTS\INSERTION_SORT1\INSERTION_SORT1\DEBUG\INSERTION_SORT1.EXE.INTERMEDIATE.MANIFEST
C:\USERS\ADMIN\DOCUMENTS\VISUAL STUDIO 2010\PROJECTS\INSERTION_SORT1\INSERTION_SORT1\DEBUG\INSERTION_SORT1.OBJ
C:\USERS\ADMIN\DOCUMENTS\VISUAL STUDIO 2010\PROJECTS\INSERTION_SORT1\INSERTION_SORT1\DEBUG\INSERTION_SORT1.PCH
c:\Users\admin\documents\visual studio 2010\Projects\insertion_sort1\insertion_sort1\Debug\insertion_sort1.vcxprojResolveAssemblyReference.cache
c:\Users\admin\documents\visual studio 2010\Projects\insertion_sort1\insertion_sort1\Debug\insertion_sort1.write.1.tlog
c:\Users\admin\documents\visual studio 2010\Projects\insertion_sort1\insertion_sort1\Debug\insertion_sort1_manifest.rc
c:\Users\admin\documents\visual studio 2010\Projects\insertion_sort1\insertion_sort1\Debug\link.452.read.1.tlog
c:\Users\admin\documents\visual studio 2010\Projects\insertion_sort1\insertion_sort1\Debug\link.452.write.1.tlog
c:\Users\admin\documents\visual studio 2010\Projects\insertion_sort1\insertion_sort1\Debug\link.452-cvtres.read.1.tlog
c:\Users\admin\documents\visual studio 2010\Projects\insertion_sort1\insertion_sort1\Debug\link.452-cvtres.write.1.tlog
c:\Users\admin\documents\visual studio 2010\Projects\insertion_sort1\insertion_sort1\Debug\link.5124.read.1.tlog
c:\Users\admin\documents\visual studio 2010\Projects\insertion_sort1\insertion_sort1\Debug\link.5124.write.1.tlog
c:\Users\admin\documents\visual studio 2010\Projects\insertion_sort1\insertion_sort1\Debug\link.5124-cvtres.read.1.tlog
c:\Users\admin\documents\visual studio 2010\Projects\insertion_sort1\insertion_sort1\Debug\link.5124-cvtres.write.1.tlog
c:\Users\admin\documents\visual studio 2010\Projects\insertion_sort1\insertion_sort1\Debug\link.command.1.tlog
c:\Users\admin\documents\visual studio 2010\Projects\insertion_sort1\insertion_sort1\Debug\link.read.1.tlog
c:\Users\admin\documents\visual studio 2010\Projects\insertion_sort1\insertion_sort1\Debug\link.write.1.tlog
c:\Users\admin\documents\visual studio 2010\Projects\insertion_sort1\insertion_sort1\Debug\link-cvtres.read.1.tlog
c:\Users\admin\documents\visual studio 2010\Projects\insertion_sort1\insertion_sort1\Debug\link-cvtres.write.1.tlog
c:\Users\admin\documents\visual studio 2010\Projects\insertion_sort1\insertion_sort1\Debug\mt.command.1.tlog
c:\Users\admin\documents\visual studio 2010\Projects\insertion_sort1\insertion_sort1\Debug\mt.read.1.tlog
c:\Users\admin\documents\visual studio 2010\Projects\insertion_sort1\insertion_sort1\Debug\mt.write.1.tlog
c:\Users\admin\documents\visual studio 2010\Projects\insertion_sort1\insertion_sort1\Debug\rc.command.1.tlog
c:\Users\admin\documents\visual studio 2010\Projects\insertion_sort1\insertion_sort1\Debug\rc.read.1.tlog
c:\Users\admin\documents\visual studio 2010\Projects\insertion_sort1\insertion_sort1\Debug\rc.write.1.tlog
C:\USERS\ADMIN\DOCUMENTS\VISUAL STUDIO 2010\PROJECTS\INSERTION_SORT1\INSERTION_SORT1\DEBUG\STDAFX.OBJ
c:\Users\admin\documents\visual studio 2010\Projects\insertion_sort1\insertion_sort1\Debug\vc100.idb
C:\USERS\ADMIN\DOCUMENTS\VISUAL STUDIO 2010\PROJECTS\INSERTION_SORT1\INSERTION_SORT1\DEBUG\VC100.PDB
