C:\USERS\ADMIN\DOCUMENTS\VISUAL STUDIO 2010\PROJECTS\FUNCTIONOVERLOADING\DEBUG\FUNCTIONOVERLOADING.EXE
C:\USERS\ADMIN\DOCUMENTS\VISUAL STUDIO 2010\PROJECTS\FUNCTIONOVERLOADING\DEBUG\FUNCTIONOVERLOADING.ILK
C:\USERS\ADMIN\DOCUMENTS\VISUAL STUDIO 2010\PROJECTS\FUNCTIONOVERLOADING\DEBUG\FUNCTIONOVERLOADING.PDB
C:\Users\admin\Documents\Visual Studio 2010\Projects\functionoverloading\functionoverloading\Debug\cl.command.1.tlog
C:\Users\admin\Documents\Visual Studio 2010\Projects\functionoverloading\functionoverloading\Debug\CL.read.1.tlog
C:\Users\admin\Documents\Visual Studio 2010\Projects\functionoverloading\functionoverloading\Debug\CL.write.1.tlog
C:\Users\admin\Documents\Visual Studio 2010\Projects\functionoverloading\functionoverloading\Debug\functionoverloading.exe.embed.manifest
C:\USERS\ADMIN\DOCUMENTS\VISUAL STUDIO 2010\PROJECTS\FUNCTIONOVERLOADING\FUNCTIONOVERLOADING\DEBUG\FUNCTIONOVERLOADING.EXE.EMBED.MANIFEST.RES
C:\USERS\ADMIN\DOCUMENTS\VISUAL STUDIO 2010\PROJECTS\FUNCTIONOVERLOADING\FUNCTIONOVERLOADING\DEBUG\FUNCTIONOVERLOADING.EXE.INTERMEDIATE.MANIFEST
C:\USERS\ADMIN\DOCUMENTS\VISUAL STUDIO 2010\PROJECTS\FUNCTIONOVERLOADING\FUNCTIONOVERLOADING\DEBUG\FUNCTIONOVERLOADING.OBJ
C:\USERS\ADMIN\DOCUMENTS\VISUAL STUDIO 2010\PROJECTS\FUNCTIONOVERLOADING\FUNCTIONOVERLOADING\DEBUG\FUNCTIONOVERLOADING.PCH
C:\Users\admin\Documents\Visual Studio 2010\Projects\functionoverloading\functionoverloading\Debug\functionoverloading.vcxprojResolveAssemblyReference.cache
C:\Users\admin\Documents\Visual Studio 2010\Projects\functionoverloading\functionoverloading\Debug\functionoverloading.write.1.tlog
C:\Users\admin\Documents\Visual Studio 2010\Projects\functionoverloading\functionoverloading\Debug\functionoverloading_manifest.rc
C:\Users\admin\Documents\Visual Studio 2010\Projects\functionoverloading\functionoverloading\Debug\link.6252.read.1.tlog
C:\Users\admin\Documents\Visual Studio 2010\Projects\functionoverloading\functionoverloading\Debug\link.6252.write.1.tlog
C:\Users\admin\Documents\Visual Studio 2010\Projects\functionoverloading\functionoverloading\Debug\link.6252-cvtres.read.1.tlog
C:\Users\admin\Documents\Visual Studio 2010\Projects\functionoverloading\functionoverloading\Debug\link.6252-cvtres.write.1.tlog
C:\Users\admin\Documents\Visual Studio 2010\Projects\functionoverloading\functionoverloading\Debug\link.command.1.tlog
C:\Users\admin\Documents\Visual Studio 2010\Projects\functionoverloading\functionoverloading\Debug\link.read.1.tlog
C:\Users\admin\Documents\Visual Studio 2010\Projects\functionoverloading\functionoverloading\Debug\link.write.1.tlog
C:\Users\admin\Documents\Visual Studio 2010\Projects\functionoverloading\functionoverloading\Debug\link-cvtres.read.1.tlog
C:\Users\admin\Documents\Visual Studio 2010\Projects\functionoverloading\functionoverloading\Debug\link-cvtres.write.1.tlog
C:\Users\admin\Documents\Visual Studio 2010\Projects\functionoverloading\functionoverloading\Debug\mt.command.1.tlog
C:\Users\admin\Documents\Visual Studio 2010\Projects\functionoverloading\functionoverloading\Debug\mt.read.1.tlog
C:\Users\admin\Documents\Visual Studio 2010\Projects\functionoverloading\functionoverloading\Debug\mt.write.1.tlog
C:\Users\admin\Documents\Visual Studio 2010\Projects\functionoverloading\functionoverloading\Debug\rc.command.1.tlog
C:\Users\admin\Documents\Visual Studio 2010\Projects\functionoverloading\functionoverloading\Debug\rc.read.1.tlog
C:\Users\admin\Documents\Visual Studio 2010\Projects\functionoverloading\functionoverloading\Debug\rc.write.1.tlog
C:\USERS\ADMIN\DOCUMENTS\VISUAL STUDIO 2010\PROJECTS\FUNCTIONOVERLOADING\FUNCTIONOVERLOADING\DEBUG\STDAFX.OBJ
C:\Users\admin\Documents\Visual Studio 2010\Projects\functionoverloading\functionoverloading\Debug\vc100.idb
C:\USERS\ADMIN\DOCUMENTS\VISUAL STUDIO 2010\PROJECTS\FUNCTIONOVERLOADING\FUNCTIONOVERLOADING\DEBUG\VC100.PDB
C:\USERS\H\DOCUMENTS\VISUAL STUDIO 2010\PROJECTS\FUNCTIONOVERLOADING\DEBUG\FUNCTIONOVERLOADING.EXE
C:\USERS\H\DOCUMENTS\VISUAL STUDIO 2010\PROJECTS\FUNCTIONOVERLOADING\DEBUG\FUNCTIONOVERLOADING.ILK
C:\USERS\H\DOCUMENTS\VISUAL STUDIO 2010\PROJECTS\FUNCTIONOVERLOADING\DEBUG\FUNCTIONOVERLOADING.PDB
C:\USERS\H\DOCUMENTS\VISUAL STUDIO 2010\PROJECTS\FUNCTIONOVERLOADING\FUNCTIONOVERLOADING\DEBUG\FUNCTIONOVERLOADING.EXE.EMBED.MANIFEST
C:\USERS\H\DOCUMENTS\VISUAL STUDIO 2010\PROJECTS\FUNCTIONOVERLOADING\FUNCTIONOVERLOADING\DEBUG\FUNCTIONOVERLOADING.EXE.EMBED.MANIFEST.RES
C:\USERS\H\DOCUMENTS\VISUAL STUDIO 2010\PROJECTS\FUNCTIONOVERLOADING\FUNCTIONOVERLOADING\DEBUG\FUNCTIONOVERLOADING.EXE.INTERMEDIATE.MANIFEST
C:\USERS\H\DOCUMENTS\VISUAL STUDIO 2010\PROJECTS\FUNCTIONOVERLOADING\FUNCTIONOVERLOADING\DEBUG\FUNCTIONOVERLOADING.OBJ
C:\USERS\H\DOCUMENTS\VISUAL STUDIO 2010\PROJECTS\FUNCTIONOVERLOADING\FUNCTIONOVERLOADING\DEBUG\FUNCTIONOVERLOADING.PCH
C:\USERS\H\DOCUMENTS\VISUAL STUDIO 2010\PROJECTS\FUNCTIONOVERLOADING\FUNCTIONOVERLOADING\DEBUG\STDAFX.OBJ
C:\USERS\H\DOCUMENTS\VISUAL STUDIO 2010\PROJECTS\FUNCTIONOVERLOADING\FUNCTIONOVERLOADING\DEBUG\VC100.PDB
