Build started 7/27/2017 3:47:14 PM.
     1>Project "c:\Users\admin\documents\visual studio 2010\Projects\saini\saini\saini.vcxproj" on node 2 (build target(s)).
     1>PrepareForBuild:
         Creating directory "c:\users\admin\documents\visual studio 2010\Projects\saini\Debug\".
       InitializeBuildStatus:
         Creating "Debug\saini.unsuccessfulbuild" because "AlwaysCreate" was specified.
       ClCompile:
         C:\Program Files (x86)\Microsoft Visual Studio 10.0\VC\bin\CL.exe /c /ZI /nologo /W3 /WX- /Od /Oy- /D WIN32 /D _DEBUG /D _CONSOLE /D _UNICODE /D UNICODE /Gm /EHsc /RTC1 /MDd /GS /fp:precise /Zc:wchar_t /Zc:forScope /Yc"StdAfx.h" /Fp"Debug\saini.pch" /Fo"Debug\\" /Fd"Debug\vc100.pdb" /Gd /TP /analyze- /errorReport:prompt stdafx.cpp
         stdafx.cpp
         C:\Program Files (x86)\Microsoft Visual Studio 10.0\VC\bin\CL.exe /c /ZI /nologo /W3 /WX- /Od /Oy- /D WIN32 /D _DEBUG /D _CONSOLE /D _UNICODE /D UNICODE /Gm /EHsc /RTC1 /MDd /GS /fp:precise /Zc:wchar_t /Zc:forScope /Yu"StdAfx.h" /Fp"Debug\saini.pch" /Fo"Debug\\" /Fd"Debug\vc100.pdb" /Gd /TP /analyze- /errorReport:prompt saini.cpp
         saini.cpp
     1>c:\users\admin\documents\visual studio 2010\projects\saini\saini\saini.cpp(102): warning C4996: 'scanf': This function or variable may be unsafe. Consider using scanf_s instead. To disable deprecation, use _CRT_SECURE_NO_WARNINGS. See online help for details.
                 c:\program files (x86)\microsoft visual studio 10.0\vc\include\stdio.h(304) : see declaration of 'scanf'
     1>c:\users\admin\documents\visual studio 2010\projects\saini\saini\saini.cpp(103): warning C4996: 'fopen': This function or variable may be unsafe. Consider using fopen_s instead. To disable deprecation, use _CRT_SECURE_NO_WARNINGS. See online help for details.
                 c:\program files (x86)\microsoft visual studio 10.0\vc\include\stdio.h(234) : see declaration of 'fopen'
     1>c:\users\admin\documents\visual studio 2010\projects\saini\saini\saini.cpp(112): warning C4996: 'scanf': This function or variable may be unsafe. Consider using scanf_s instead. To disable deprecation, use _CRT_SECURE_NO_WARNINGS. See online help for details.
                 c:\program files (x86)\microsoft visual studio 10.0\vc\include\stdio.h(304) : see declaration of 'scanf'
     1>c:\users\admin\documents\visual studio 2010\projects\saini\saini\saini.cpp(113): warning C4996: 'fopen': This function or variable may be unsafe. Consider using fopen_s instead. To disable deprecation, use _CRT_SECURE_NO_WARNINGS. See online help for details.
                 c:\program files (x86)\microsoft visual studio 10.0\vc\include\stdio.h(234) : see declaration of 'fopen'
     1>c:\users\admin\documents\visual studio 2010\projects\saini\saini\saini.cpp(128): warning C4996: 'fopen': This function or variable may be unsafe. Consider using fopen_s instead. To disable deprecation, use _CRT_SECURE_NO_WARNINGS. See online help for details.
                 c:\program files (x86)\microsoft visual studio 10.0\vc\include\stdio.h(234) : see declaration of 'fopen'
     1>c:\users\admin\documents\visual studio 2010\projects\saini\saini\saini.cpp(135): warning C4996: 'scanf': This function or variable may be unsafe. Consider using scanf_s instead. To disable deprecation, use _CRT_SECURE_NO_WARNINGS. See online help for details.
                 c:\program files (x86)\microsoft visual studio 10.0\vc\include\stdio.h(304) : see declaration of 'scanf'
     1>c:\users\admin\documents\visual studio 2010\projects\saini\saini\saini.cpp(341): warning C4996: 'scanf': This function or variable may be unsafe. Consider using scanf_s instead. To disable deprecation, use _CRT_SECURE_NO_WARNINGS. See online help for details.
                 c:\program files (x86)\microsoft visual studio 10.0\vc\include\stdio.h(304) : see declaration of 'scanf'
     1>c:\users\admin\documents\visual studio 2010\projects\saini\saini\saini.cpp(344): warning C4996: 'getch': The POSIX name for this item is deprecated. Instead, use the ISO C++ conformant name: _getch. See online help for details.
                 c:\program files (x86)\microsoft visual studio 10.0\vc\include\conio.h(128) : see declaration of 'getch'
     1>c:\users\admin\documents\visual studio 2010\projects\saini\saini\saini.cpp(88): warning C4101: 'nkB' : unreferenced local variable
     1>c:\users\admin\documents\visual studio 2010\projects\saini\saini\saini.cpp(87): warning C4101: 'sR' : unreferenced local variable
     1>c:\users\admin\documents\visual studio 2010\projects\saini\saini\saini.cpp(97): warning C4101: 'pic_byteR' : unreferenced local variable
     1>c:\users\admin\documents\visual studio 2010\projects\saini\saini\saini.cpp(97): warning C4101: 'pic_byteB' : unreferenced local variable
     1>c:\users\admin\documents\visual studio 2010\projects\saini\saini\saini.cpp(87): warning C4101: 'sumG' : unreferenced local variable
     1>c:\users\admin\documents\visual studio 2010\projects\saini\saini\saini.cpp(87): warning C4101: 'nkR' : unreferenced local variable
     1>c:\users\admin\documents\visual studio 2010\projects\saini\saini\saini.cpp(88): warning C4101: 'sB' : unreferenced local variable
     1>c:\users\admin\documents\visual studio 2010\projects\saini\saini\saini.cpp(88): warning C4101: 'sG' : unreferenced local variable
     1>c:\users\admin\documents\visual studio 2010\projects\saini\saini\saini.cpp(87): warning C4101: 'nkG' : unreferenced local variable
     1>c:\users\admin\documents\visual studio 2010\projects\saini\saini\saini.cpp(97): warning C4101: 'pic_byteG' : unreferenced local variable
     1>c:\users\admin\documents\visual studio 2010\projects\saini\saini\saini.cpp(87): warning C4101: 'sumB' : unreferenced local variable
     1>c:\users\admin\documents\visual studio 2010\projects\saini\saini\saini.cpp(87): warning C4101: 'sumR' : unreferenced local variable
     1>c:\users\admin\documents\visual studio 2010\projects\saini\saini\saini.cpp(368): warning C4996: 'getch': The POSIX name for this item is deprecated. Instead, use the ISO C++ conformant name: _getch. See online help for details.
                 c:\program files (x86)\microsoft visual studio 10.0\vc\include\conio.h(128) : see declaration of 'getch'
     1>c:\users\admin\documents\visual studio 2010\projects\saini\saini\saini.cpp(393): warning C4996: 'getch': The POSIX name for this item is deprecated. Instead, use the ISO C++ conformant name: _getch. See online help for details.
                 c:\program files (x86)\microsoft visual studio 10.0\vc\include\conio.h(128) : see declaration of 'getch'
     1>c:\users\admin\documents\visual studio 2010\projects\saini\saini\saini.cpp(458): warning C4996: 'fopen': This function or variable may be unsafe. Consider using fopen_s instead. To disable deprecation, use _CRT_SECURE_NO_WARNINGS. See online help for details.
                 c:\program files (x86)\microsoft visual studio 10.0\vc\include\stdio.h(234) : see declaration of 'fopen'
     1>c:\users\admin\documents\visual studio 2010\projects\saini\saini\saini.cpp(460): warning C4996: 'getch': The POSIX name for this item is deprecated. Instead, use the ISO C++ conformant name: _getch. See online help for details.
                 c:\program files (x86)\microsoft visual studio 10.0\vc\include\conio.h(128) : see declaration of 'getch'
     1>c:\users\admin\documents\visual studio 2010\projects\saini\saini\saini.cpp(487): warning C4996: 'getch': The POSIX name for this item is deprecated. Instead, use the ISO C++ conformant name: _getch. See online help for details.
                 c:\program files (x86)\microsoft visual studio 10.0\vc\include\conio.h(128) : see declaration of 'getch'
       ManifestResourceCompile:
         C:\Program Files (x86)\Microsoft SDKs\Windows\v7.0A\bin\rc.exe /nologo /fo"Debug\saini.exe.embed.manifest.res" Debug\saini_manifest.rc 
       Link:
         C:\Program Files (x86)\Microsoft Visual Studio 10.0\VC\bin\link.exe /ERRORREPORT:PROMPT /OUT:"c:\users\admin\documents\visual studio 2010\Projects\saini\Debug\saini.exe" /INCREMENTAL /NOLOGO kernel32.lib user32.lib gdi32.lib winspool.lib comdlg32.lib advapi32.lib shell32.lib ole32.lib oleaut32.lib uuid.lib odbc32.lib odbccp32.lib /MANIFEST /ManifestFile:"Debug\saini.exe.intermediate.manifest" /MANIFESTUAC:"level='asInvoker' uiAccess='false'" /DEBUG /PDB:"c:\users\admin\documents\visual studio 2010\Projects\saini\Debug\saini.pdb" /SUBSYSTEM:CONSOLE /STACK:"100000000" /TLBID:1 /DYNAMICBASE /NXCOMPAT /IMPLIB:"c:\users\admin\documents\visual studio 2010\Projects\saini\Debug\saini.lib" /MACHINE:X86 Debug\saini.exe.embed.manifest.res
         Debug\saini.obj
         Debug\stdafx.obj
       Manifest:
         C:\Program Files (x86)\Microsoft SDKs\Windows\v7.0A\bin\mt.exe /nologo /verbose /out:"Debug\saini.exe.embed.manifest" /manifest Debug\saini.exe.intermediate.manifest
         C:\Program Files (x86)\Microsoft SDKs\Windows\v7.0A\bin\rc.exe /nologo /fo"Debug\saini.exe.embed.manifest.res" Debug\saini_manifest.rc 
       LinkEmbedManifest:
         C:\Program Files (x86)\Microsoft Visual Studio 10.0\VC\bin\link.exe /ERRORREPORT:PROMPT /OUT:"c:\users\admin\documents\visual studio 2010\Projects\saini\Debug\saini.exe" /INCREMENTAL /NOLOGO kernel32.lib user32.lib gdi32.lib winspool.lib comdlg32.lib advapi32.lib shell32.lib ole32.lib oleaut32.lib uuid.lib odbc32.lib odbccp32.lib /MANIFEST /ManifestFile:"Debug\saini.exe.intermediate.manifest" /MANIFESTUAC:"level='asInvoker' uiAccess='false'" /DEBUG /PDB:"c:\users\admin\documents\visual studio 2010\Projects\saini\Debug\saini.pdb" /SUBSYSTEM:CONSOLE /STACK:"100000000" /TLBID:1 /DYNAMICBASE /NXCOMPAT /IMPLIB:"c:\users\admin\documents\visual studio 2010\Projects\saini\Debug\saini.lib" /MACHINE:X86 Debug\saini.exe.embed.manifest.res
         Debug\saini.obj
         Debug\stdafx.obj
         saini.vcxproj -> c:\users\admin\documents\visual studio 2010\Projects\saini\Debug\saini.exe
       FinalizeBuildStatus:
         Deleting file "Debug\saini.unsuccessfulbuild".
         Touching "Debug\saini.lastbuildstate".
     1>Done Building Project "c:\Users\admin\documents\visual studio 2010\Projects\saini\saini\saini.vcxproj" (build target(s)).

Build succeeded.

Time Elapsed 00:00:02.46
