c:\users\admin\documents\visual studio 2010\Projects\Factorial1\Debug\Factorial1.pdb
c:\Users\admin\documents\visual studio 2010\Projects\Factorial1\Factorial1\Debug\cl.command.1.tlog
c:\Users\admin\documents\visual studio 2010\Projects\Factorial1\Factorial1\Debug\CL.read.1.tlog
c:\Users\admin\documents\visual studio 2010\Projects\Factorial1\Factorial1\Debug\CL.write.1.tlog
C:\USERS\ADMIN\DOCUMENTS\VISUAL STUDIO 2010\PROJECTS\FACTORIAL1\FACTORIAL1\DEBUG\FACTORIAL1.EXE.EMBED.MANIFEST
C:\USERS\ADMIN\DOCUMENTS\VISUAL STUDIO 2010\PROJECTS\FACTORIAL1\FACTORIAL1\DEBUG\FACTORIAL1.EXE.EMBED.MANIFEST.RES
c:\Users\admin\documents\visual studio 2010\Projects\Factorial1\Factorial1\Debug\Factorial1.exe.intermediate.manifest
C:\USERS\ADMIN\DOCUMENTS\VISUAL STUDIO 2010\PROJECTS\FACTORIAL1\FACTORIAL1\DEBUG\FACTORIAL1.OBJ
C:\USERS\ADMIN\DOCUMENTS\VISUAL STUDIO 2010\PROJECTS\FACTORIAL1\FACTORIAL1\DEBUG\FACTORIAL1.PCH
c:\Users\admin\documents\visual studio 2010\Projects\Factorial1\Factorial1\Debug\Factorial1.write.1.tlog
c:\Users\admin\documents\visual studio 2010\Projects\Factorial1\Factorial1\Debug\Factorial1_manifest.rc
c:\Users\admin\documents\visual studio 2010\Projects\Factorial1\Factorial1\Debug\link.5960.read.1.tlog
c:\Users\admin\documents\visual studio 2010\Projects\Factorial1\Factorial1\Debug\link.5960.write.1.tlog
c:\Users\admin\documents\visual studio 2010\Projects\Factorial1\Factorial1\Debug\link.5960-cvtres.read.1.tlog
c:\Users\admin\documents\visual studio 2010\Projects\Factorial1\Factorial1\Debug\link.5960-cvtres.write.1.tlog
c:\Users\admin\documents\visual studio 2010\Projects\Factorial1\Factorial1\Debug\link.command.1.tlog
c:\Users\admin\documents\visual studio 2010\Projects\Factorial1\Factorial1\Debug\link.read.1.tlog
c:\Users\admin\documents\visual studio 2010\Projects\Factorial1\Factorial1\Debug\link.write.1.tlog
c:\Users\admin\documents\visual studio 2010\Projects\Factorial1\Factorial1\Debug\link-cvtres.read.1.tlog
c:\Users\admin\documents\visual studio 2010\Projects\Factorial1\Factorial1\Debug\link-cvtres.write.1.tlog
c:\Users\admin\documents\visual studio 2010\Projects\Factorial1\Factorial1\Debug\mt.command.1.tlog
c:\Users\admin\documents\visual studio 2010\Projects\Factorial1\Factorial1\Debug\mt.read.1.tlog
c:\Users\admin\documents\visual studio 2010\Projects\Factorial1\Factorial1\Debug\mt.write.1.tlog
c:\Users\admin\documents\visual studio 2010\Projects\Factorial1\Factorial1\Debug\rc.command.1.tlog
c:\Users\admin\documents\visual studio 2010\Projects\Factorial1\Factorial1\Debug\rc.read.1.tlog
c:\Users\admin\documents\visual studio 2010\Projects\Factorial1\Factorial1\Debug\rc.write.1.tlog
C:\USERS\ADMIN\DOCUMENTS\VISUAL STUDIO 2010\PROJECTS\FACTORIAL1\FACTORIAL1\DEBUG\STDAFX.OBJ
c:\Users\admin\documents\visual studio 2010\Projects\Factorial1\Factorial1\Debug\vc100.idb
C:\USERS\ADMIN\DOCUMENTS\VISUAL STUDIO 2010\PROJECTS\FACTORIAL1\FACTORIAL1\DEBUG\VC100.PDB
