Build started 1/15/2018 11:48:00 AM.
     1>Project "c:\Users\admin\documents\visual studio 2010\Projects\Factorial1\Factorial1\Factorial1.vcxproj" on node 2 (build target(s)).
     1>InitializeBuildStatus:
         Creating "Debug\Factorial1.unsuccessfulbuild" because "AlwaysCreate" was specified.
       ClCompile:
         All outputs are up-to-date.
         C:\Program Files (x86)\Microsoft Visual Studio 10.0\VC\bin\CL.exe /c /ZI /nologo /W3 /WX- /Od /Oy- /D WIN32 /D _DEBUG /D _CONSOLE /D _UNICODE /D UNICODE /Gm /EHsc /RTC1 /MDd /GS /fp:precise /Zc:wchar_t /Zc:forScope /Yu"StdAfx.h" /Fp"Debug\Factorial1.pch" /Fo"Debug\\" /Fd"Debug\vc100.pdb" /Gd /TP /analyze- /errorReport:prompt Factorial1.cpp
         Factorial1.cpp
       ManifestResourceCompile:
         All outputs are up-to-date.
       Link:
         C:\Program Files (x86)\Microsoft Visual Studio 10.0\VC\bin\link.exe /ERRORREPORT:PROMPT /OUT:"c:\users\admin\documents\visual studio 2010\Projects\Factorial1\Debug\Factorial1.exe" /INCREMENTAL /NOLOGO kernel32.lib user32.lib gdi32.lib winspool.lib comdlg32.lib advapi32.lib shell32.lib ole32.lib oleaut32.lib uuid.lib odbc32.lib odbccp32.lib /MANIFEST /ManifestFile:"Debug\Factorial1.exe.intermediate.manifest" /MANIFESTUAC:"level='asInvoker' uiAccess='false'" /DEBUG /PDB:"c:\users\admin\documents\visual studio 2010\Projects\Factorial1\Debug\Factorial1.pdb" /SUBSYSTEM:CONSOLE /TLBID:1 /DYNAMICBASE /NXCOMPAT /IMPLIB:"c:\users\admin\documents\visual studio 2010\Projects\Factorial1\Debug\Factorial1.lib" /MACHINE:X86 Debug\Factorial1.exe.embed.manifest.res
         Debug\Factorial1.obj
         Debug\stdafx.obj
       Manifest:
         C:\Program Files (x86)\Microsoft SDKs\Windows\v7.0A\bin\mt.exe /nologo /verbose /out:"Debug\Factorial1.exe.embed.manifest" /manifest Debug\Factorial1.exe.intermediate.manifest
         All outputs are up-to-date.
       LinkEmbedManifest:
         All outputs are up-to-date.
         Factorial1.vcxproj -> c:\users\admin\documents\visual studio 2010\Projects\Factorial1\Debug\Factorial1.exe
       FinalizeBuildStatus:
         Deleting file "Debug\Factorial1.unsuccessfulbuild".
         Touching "Debug\Factorial1.lastbuildstate".
     1>Done Building Project "c:\Users\admin\documents\visual studio 2010\Projects\Factorial1\Factorial1\Factorial1.vcxproj" (build target(s)).

Build succeeded.

Time Elapsed 00:00:00.61
