Build started 2/15/2018 2:56:21 PM.
     1>Project "c:\Users\admin\documents\visual studio 2010\Projects\statica\statica\statica.vcxproj" on node 2 (build target(s)).
     1>InitializeBuildStatus:
         Creating "Debug\statica.unsuccessfulbuild" because "AlwaysCreate" was specified.
       ClCompile:
         All outputs are up-to-date.
         C:\Program Files (x86)\Microsoft Visual Studio 10.0\VC\bin\CL.exe /c /ZI /nologo /W3 /WX- /Od /Oy- /D WIN32 /D _DEBUG /D _CONSOLE /D _UNICODE /D UNICODE /Gm /EHsc /RTC1 /MDd /GS /fp:precise /Zc:wchar_t /Zc:forScope /Yu"StdAfx.h" /Fp"Debug\statica.pch" /Fo"Debug\\" /Fd"Debug\vc100.pdb" /Gd /TP /analyze- /errorReport:prompt statica.cpp
         statica.cpp
       ManifestResourceCompile:
         All outputs are up-to-date.
       Link:
         C:\Program Files (x86)\Microsoft Visual Studio 10.0\VC\bin\link.exe /ERRORREPORT:PROMPT /OUT:"c:\users\admin\documents\visual studio 2010\Projects\statica\Debug\statica.exe" /INCREMENTAL /NOLOGO kernel32.lib user32.lib gdi32.lib winspool.lib comdlg32.lib advapi32.lib shell32.lib ole32.lib oleaut32.lib uuid.lib odbc32.lib odbccp32.lib /MANIFEST /ManifestFile:"Debug\statica.exe.intermediate.manifest" /MANIFESTUAC:"level='asInvoker' uiAccess='false'" /DEBUG /PDB:"c:\users\admin\documents\visual studio 2010\Projects\statica\Debug\statica.pdb" /SUBSYSTEM:CONSOLE /TLBID:1 /DYNAMICBASE /NXCOMPAT /IMPLIB:"c:\users\admin\documents\visual studio 2010\Projects\statica\Debug\statica.lib" /MACHINE:X86 Debug\statica.exe.embed.manifest.res
         Debug\statica.obj
         Debug\stdafx.obj
       Manifest:
         C:\Program Files (x86)\Microsoft SDKs\Windows\v7.0A\bin\mt.exe /nologo /verbose /out:"Debug\statica.exe.embed.manifest" /manifest Debug\statica.exe.intermediate.manifest
         All outputs are up-to-date.
       LinkEmbedManifest:
         All outputs are up-to-date.
         statica.vcxproj -> c:\users\admin\documents\visual studio 2010\Projects\statica\Debug\statica.exe
       FinalizeBuildStatus:
         Deleting file "Debug\statica.unsuccessfulbuild".
         Touching "Debug\statica.lastbuildstate".
     1>Done Building Project "c:\Users\admin\documents\visual studio 2010\Projects\statica\statica\statica.vcxproj" (build target(s)).

Build succeeded.

Time Elapsed 00:00:00.54
