Build started 1/18/2018 3:48:28 PM.
     1>Project "C:\Users\admin\Documents\Visual Studio 2010\Projects\pattern2\pattern2\pattern2.vcxproj" on node 2 (build target(s)).
     1>InitializeBuildStatus:
         Creating "Debug\pattern2.unsuccessfulbuild" because "AlwaysCreate" was specified.
       ClCompile:
         All outputs are up-to-date.
         C:\Program Files (x86)\Microsoft Visual Studio 10.0\VC\bin\CL.exe /c /ZI /nologo /W3 /WX- /Od /Oy- /D WIN32 /D _DEBUG /D _CONSOLE /D _UNICODE /D UNICODE /Gm /EHsc /RTC1 /MDd /GS /fp:precise /Zc:wchar_t /Zc:forScope /Yu"StdAfx.h" /Fp"Debug\pattern2.pch" /Fo"Debug\\" /Fd"Debug\vc100.pdb" /Gd /TP /analyze- /errorReport:prompt pattern2.cpp
         pattern2.cpp
       ManifestResourceCompile:
         All outputs are up-to-date.
       Link:
         C:\Program Files (x86)\Microsoft Visual Studio 10.0\VC\bin\link.exe /ERRORREPORT:PROMPT /OUT:"C:\Users\admin\Documents\Visual Studio 2010\Projects\pattern2\Debug\pattern2.exe" /INCREMENTAL /NOLOGO kernel32.lib user32.lib gdi32.lib winspool.lib comdlg32.lib advapi32.lib shell32.lib ole32.lib oleaut32.lib uuid.lib odbc32.lib odbccp32.lib /MANIFEST /ManifestFile:"Debug\pattern2.exe.intermediate.manifest" /MANIFESTUAC:"level='asInvoker' uiAccess='false'" /DEBUG /PDB:"C:\Users\admin\Documents\Visual Studio 2010\Projects\pattern2\Debug\pattern2.pdb" /SUBSYSTEM:CONSOLE /TLBID:1 /DYNAMICBASE /NXCOMPAT /IMPLIB:"C:\Users\admin\Documents\Visual Studio 2010\Projects\pattern2\Debug\pattern2.lib" /MACHINE:X86 Debug\pattern2.exe.embed.manifest.res
         Debug\pattern2.obj
         Debug\stdafx.obj
       Manifest:
         C:\Program Files (x86)\Microsoft SDKs\Windows\v7.0A\bin\mt.exe /nologo /verbose /out:"Debug\pattern2.exe.embed.manifest" /manifest Debug\pattern2.exe.intermediate.manifest
         All outputs are up-to-date.
       LinkEmbedManifest:
         All outputs are up-to-date.
         pattern2.vcxproj -> C:\Users\admin\Documents\Visual Studio 2010\Projects\pattern2\Debug\pattern2.exe
       FinalizeBuildStatus:
         Deleting file "Debug\pattern2.unsuccessfulbuild".
         Touching "Debug\pattern2.lastbuildstate".
     1>Done Building Project "C:\Users\admin\Documents\Visual Studio 2010\Projects\pattern2\pattern2\pattern2.vcxproj" (build target(s)).

Build succeeded.

Time Elapsed 00:00:00.64
