Build started 09-05-2018 11:10:15.
     1>Project "C:\Users\ASHISH\Documents\Visual Studio 2010\Projects\demo\demo\demo.vcxproj" on node 2 (build target(s)).
     1>InitializeBuildStatus:
         Creating "Debug\demo.unsuccessfulbuild" because "AlwaysCreate" was specified.
       ClCompile:
         All outputs are up-to-date.
         c:\Program Files (x86)\Microsoft Visual Studio 10.0\VC\bin\CL.exe /c /ZI /nologo /W3 /WX- /Od /Oy- /D WIN32 /D _DEBUG /D _CONSOLE /D _UNICODE /D UNICODE /Gm /EHsc /RTC1 /MDd /GS /fp:precise /Zc:wchar_t /Zc:forScope /Yu"StdAfx.h" /Fp"Debug\demo.pch" /Fo"Debug\\" /Fd"Debug\vc100.pdb" /Gd /TP /analyze- /errorReport:prompt demo.cpp
         demo.cpp
     1>c:\users\ashish\documents\visual studio 2010\projects\demo\demo\demo.cpp(18): warning C4286: 'derived' : is caught by base class ('base') on line 14
     1>c:\users\ashish\documents\visual studio 2010\projects\demo\demo\demo.cpp(14): warning C4101: 'b' : unreferenced local variable
     1>c:\users\ashish\documents\visual studio 2010\projects\demo\demo\demo.cpp(18): warning C4101: 'd' : unreferenced local variable
       ManifestResourceCompile:
         All outputs are up-to-date.
       Link:
         c:\Program Files (x86)\Microsoft Visual Studio 10.0\VC\bin\link.exe /ERRORREPORT:PROMPT /OUT:"C:\Users\ASHISH\Documents\Visual Studio 2010\Projects\demo\Debug\demo.exe" /INCREMENTAL /NOLOGO kernel32.lib user32.lib gdi32.lib winspool.lib comdlg32.lib advapi32.lib shell32.lib ole32.lib oleaut32.lib uuid.lib odbc32.lib odbccp32.lib /MANIFEST /ManifestFile:"Debug\demo.exe.intermediate.manifest" /MANIFESTUAC:"level='asInvoker' uiAccess='false'" /DEBUG /PDB:"C:\Users\ASHISH\Documents\Visual Studio 2010\Projects\demo\Debug\demo.pdb" /SUBSYSTEM:CONSOLE /TLBID:1 /DYNAMICBASE /NXCOMPAT /IMPLIB:"C:\Users\ASHISH\Documents\Visual Studio 2010\Projects\demo\Debug\demo.lib" /MACHINE:X86 Debug\demo.exe.embed.manifest.res
         Debug\demo.obj
         Debug\stdafx.obj
       Manifest:
         C:\Program Files (x86)\Microsoft SDKs\Windows\v7.0A\bin\mt.exe /nologo /verbose /out:"Debug\demo.exe.embed.manifest" /manifest Debug\demo.exe.intermediate.manifest
         All outputs are up-to-date.
       LinkEmbedManifest:
         All outputs are up-to-date.
         demo.vcxproj -> C:\Users\ASHISH\Documents\Visual Studio 2010\Projects\demo\Debug\demo.exe
       FinalizeBuildStatus:
         Deleting file "Debug\demo.unsuccessfulbuild".
         Touching "Debug\demo.lastbuildstate".
     1>Done Building Project "C:\Users\ASHISH\Documents\Visual Studio 2010\Projects\demo\demo\demo.vcxproj" (build target(s)).

Build succeeded.

Time Elapsed 00:00:03.29
