C:\USERS\ASHISH\DOCUMENTS\VISUAL STUDIO 2010\PROJECTS\QUICK_SORT\DEBUG\QUICK_SORT.EXE
C:\USERS\ASHISH\DOCUMENTS\VISUAL STUDIO 2010\PROJECTS\QUICK_SORT\DEBUG\QUICK_SORT.ILK
C:\USERS\ASHISH\DOCUMENTS\VISUAL STUDIO 2010\PROJECTS\QUICK_SORT\DEBUG\QUICK_SORT.PDB
C:\Users\ASHISH\Documents\Visual Studio 2010\Projects\quick_sort\quick_sort\Debug\cl.command.1.tlog
C:\Users\ASHISH\Documents\Visual Studio 2010\Projects\quick_sort\quick_sort\Debug\CL.read.1.tlog
C:\Users\ASHISH\Documents\Visual Studio 2010\Projects\quick_sort\quick_sort\Debug\CL.write.1.tlog
C:\Users\ASHISH\Documents\Visual Studio 2010\Projects\quick_sort\quick_sort\Debug\link.4568.read.1.tlog
C:\Users\ASHISH\Documents\Visual Studio 2010\Projects\quick_sort\quick_sort\Debug\link.4568.write.1.tlog
C:\Users\ASHISH\Documents\Visual Studio 2010\Projects\quick_sort\quick_sort\Debug\link.4568-cvtres.read.1.tlog
C:\Users\ASHISH\Documents\Visual Studio 2010\Projects\quick_sort\quick_sort\Debug\link.4568-cvtres.write.1.tlog
C:\Users\ASHISH\Documents\Visual Studio 2010\Projects\quick_sort\quick_sort\Debug\link.command.1.tlog
C:\Users\ASHISH\Documents\Visual Studio 2010\Projects\quick_sort\quick_sort\Debug\link.read.1.tlog
C:\Users\ASHISH\Documents\Visual Studio 2010\Projects\quick_sort\quick_sort\Debug\link.write.1.tlog
C:\Users\ASHISH\Documents\Visual Studio 2010\Projects\quick_sort\quick_sort\Debug\link-cvtres.read.1.tlog
C:\Users\ASHISH\Documents\Visual Studio 2010\Projects\quick_sort\quick_sort\Debug\link-cvtres.write.1.tlog
C:\Users\ASHISH\Documents\Visual Studio 2010\Projects\quick_sort\quick_sort\Debug\mt.command.1.tlog
C:\Users\ASHISH\Documents\Visual Studio 2010\Projects\quick_sort\quick_sort\Debug\mt.read.1.tlog
C:\Users\ASHISH\Documents\Visual Studio 2010\Projects\quick_sort\quick_sort\Debug\mt.write.1.tlog
C:\USERS\ASHISH\DOCUMENTS\VISUAL STUDIO 2010\PROJECTS\QUICK_SORT\QUICK_SORT\DEBUG\QUICK_SORT.EXE.EMBED.MANIFEST
C:\USERS\ASHISH\DOCUMENTS\VISUAL STUDIO 2010\PROJECTS\QUICK_SORT\QUICK_SORT\DEBUG\QUICK_SORT.EXE.EMBED.MANIFEST.RES
C:\USERS\ASHISH\DOCUMENTS\VISUAL STUDIO 2010\PROJECTS\QUICK_SORT\QUICK_SORT\DEBUG\QUICK_SORT.EXE.INTERMEDIATE.MANIFEST
C:\USERS\ASHISH\DOCUMENTS\VISUAL STUDIO 2010\PROJECTS\QUICK_SORT\QUICK_SORT\DEBUG\QUICK_SORT.OBJ
C:\USERS\ASHISH\DOCUMENTS\VISUAL STUDIO 2010\PROJECTS\QUICK_SORT\QUICK_SORT\DEBUG\QUICK_SORT.PCH
C:\Users\ASHISH\Documents\Visual Studio 2010\Projects\quick_sort\quick_sort\Debug\quick_sort.vcxprojResolveAssemblyReference.cache
C:\Users\ASHISH\Documents\Visual Studio 2010\Projects\quick_sort\quick_sort\Debug\quick_sort.write.1.tlog
C:\Users\ASHISH\Documents\Visual Studio 2010\Projects\quick_sort\quick_sort\Debug\quick_sort_manifest.rc
C:\Users\ASHISH\Documents\Visual Studio 2010\Projects\quick_sort\quick_sort\Debug\rc.command.1.tlog
C:\Users\ASHISH\Documents\Visual Studio 2010\Projects\quick_sort\quick_sort\Debug\rc.read.1.tlog
C:\Users\ASHISH\Documents\Visual Studio 2010\Projects\quick_sort\quick_sort\Debug\rc.write.1.tlog
C:\USERS\ASHISH\DOCUMENTS\VISUAL STUDIO 2010\PROJECTS\QUICK_SORT\QUICK_SORT\DEBUG\STDAFX.OBJ
C:\Users\ASHISH\Documents\Visual Studio 2010\Projects\quick_sort\quick_sort\Debug\vc100.idb
C:\USERS\ASHISH\DOCUMENTS\VISUAL STUDIO 2010\PROJECTS\QUICK_SORT\QUICK_SORT\DEBUG\VC100.PDB
