C:\USERS\ASHISH\DOCUMENTS\VISUAL STUDIO 2010\PROJECTS\OPRATOR_OVERLOAD\DEBUG\OPRATOR_OVERLOAD.EXE
C:\USERS\ASHISH\DOCUMENTS\VISUAL STUDIO 2010\PROJECTS\OPRATOR_OVERLOAD\DEBUG\OPRATOR_OVERLOAD.ILK
C:\USERS\ASHISH\DOCUMENTS\VISUAL STUDIO 2010\PROJECTS\OPRATOR_OVERLOAD\DEBUG\OPRATOR_OVERLOAD.PDB
c:\Users\ASHISH\documents\visual studio 2010\Projects\oprator_overload\oprator_overload\Debug\cl.command.1.tlog
c:\Users\ASHISH\documents\visual studio 2010\Projects\oprator_overload\oprator_overload\Debug\CL.read.1.tlog
c:\Users\ASHISH\documents\visual studio 2010\Projects\oprator_overload\oprator_overload\Debug\CL.write.1.tlog
c:\Users\ASHISH\documents\visual studio 2010\Projects\oprator_overload\oprator_overload\Debug\link.7936.read.1.tlog
c:\Users\ASHISH\documents\visual studio 2010\Projects\oprator_overload\oprator_overload\Debug\link.7936.write.1.tlog
c:\Users\ASHISH\documents\visual studio 2010\Projects\oprator_overload\oprator_overload\Debug\link.7936-cvtres.read.1.tlog
c:\Users\ASHISH\documents\visual studio 2010\Projects\oprator_overload\oprator_overload\Debug\link.7936-cvtres.write.1.tlog
c:\Users\ASHISH\documents\visual studio 2010\Projects\oprator_overload\oprator_overload\Debug\link.8000.read.1.tlog
c:\Users\ASHISH\documents\visual studio 2010\Projects\oprator_overload\oprator_overload\Debug\link.8000.write.1.tlog
c:\Users\ASHISH\documents\visual studio 2010\Projects\oprator_overload\oprator_overload\Debug\link.8000-cvtres.read.1.tlog
c:\Users\ASHISH\documents\visual studio 2010\Projects\oprator_overload\oprator_overload\Debug\link.8000-cvtres.write.1.tlog
c:\Users\ASHISH\documents\visual studio 2010\Projects\oprator_overload\oprator_overload\Debug\link.command.1.tlog
c:\Users\ASHISH\documents\visual studio 2010\Projects\oprator_overload\oprator_overload\Debug\link.read.1.tlog
c:\Users\ASHISH\documents\visual studio 2010\Projects\oprator_overload\oprator_overload\Debug\link.write.1.tlog
c:\Users\ASHISH\documents\visual studio 2010\Projects\oprator_overload\oprator_overload\Debug\link-cvtres.read.1.tlog
c:\Users\ASHISH\documents\visual studio 2010\Projects\oprator_overload\oprator_overload\Debug\link-cvtres.write.1.tlog
c:\Users\ASHISH\documents\visual studio 2010\Projects\oprator_overload\oprator_overload\Debug\mt.command.1.tlog
c:\Users\ASHISH\documents\visual studio 2010\Projects\oprator_overload\oprator_overload\Debug\mt.read.1.tlog
c:\Users\ASHISH\documents\visual studio 2010\Projects\oprator_overload\oprator_overload\Debug\mt.write.1.tlog
C:\USERS\ASHISH\DOCUMENTS\VISUAL STUDIO 2010\PROJECTS\OPRATOR_OVERLOAD\OPRATOR_OVERLOAD\DEBUG\OPRATOR_OVERLOAD.EXE.EMBED.MANIFEST
C:\USERS\ASHISH\DOCUMENTS\VISUAL STUDIO 2010\PROJECTS\OPRATOR_OVERLOAD\OPRATOR_OVERLOAD\DEBUG\OPRATOR_OVERLOAD.EXE.EMBED.MANIFEST.RES
C:\USERS\ASHISH\DOCUMENTS\VISUAL STUDIO 2010\PROJECTS\OPRATOR_OVERLOAD\OPRATOR_OVERLOAD\DEBUG\OPRATOR_OVERLOAD.EXE.INTERMEDIATE.MANIFEST
C:\USERS\ASHISH\DOCUMENTS\VISUAL STUDIO 2010\PROJECTS\OPRATOR_OVERLOAD\OPRATOR_OVERLOAD\DEBUG\OPRATOR_OVERLOAD.OBJ
C:\USERS\ASHISH\DOCUMENTS\VISUAL STUDIO 2010\PROJECTS\OPRATOR_OVERLOAD\OPRATOR_OVERLOAD\DEBUG\OPRATOR_OVERLOAD.PCH
c:\Users\ASHISH\documents\visual studio 2010\Projects\oprator_overload\oprator_overload\Debug\oprator_overload.vcxprojResolveAssemblyReference.cache
c:\Users\ASHISH\documents\visual studio 2010\Projects\oprator_overload\oprator_overload\Debug\oprator_overload.write.1.tlog
c:\Users\ASHISH\documents\visual studio 2010\Projects\oprator_overload\oprator_overload\Debug\oprator_overload_manifest.rc
c:\Users\ASHISH\documents\visual studio 2010\Projects\oprator_overload\oprator_overload\Debug\rc.command.1.tlog
c:\Users\ASHISH\documents\visual studio 2010\Projects\oprator_overload\oprator_overload\Debug\rc.read.1.tlog
c:\Users\ASHISH\documents\visual studio 2010\Projects\oprator_overload\oprator_overload\Debug\rc.write.1.tlog
C:\USERS\ASHISH\DOCUMENTS\VISUAL STUDIO 2010\PROJECTS\OPRATOR_OVERLOAD\OPRATOR_OVERLOAD\DEBUG\STDAFX.OBJ
c:\Users\ASHISH\documents\visual studio 2010\Projects\oprator_overload\oprator_overload\Debug\vc100.idb
C:\USERS\ASHISH\DOCUMENTS\VISUAL STUDIO 2010\PROJECTS\OPRATOR_OVERLOAD\OPRATOR_OVERLOAD\DEBUG\VC100.PDB
