Build started 10/23/2017 3:59:13 PM.
     1>Project "C:\Users\admin\documents\visual studio 2010\Projects\genericprogram\genericprogram\genericprogram.vcxproj" on node 2 (build target(s)).
     1>InitializeBuildStatus:
         Creating "Debug\genericprogram.unsuccessfulbuild" because "AlwaysCreate" was specified.
       ClCompile:
         All outputs are up-to-date.
         C:\Program Files (x86)\Microsoft Visual Studio 10.0\VC\bin\CL.exe /c /ZI /nologo /W3 /WX- /Od /Oy- /D WIN32 /D _DEBUG /D _CONSOLE /D _UNICODE /D UNICODE /Gm /EHsc /RTC1 /MDd /GS /fp:precise /Zc:wchar_t /Zc:forScope /Yu"StdAfx.h" /Fp"Debug\genericprogram.pch" /Fo"Debug\\" /Fd"Debug\vc100.pdb" /Gd /TP /analyze- /errorReport:prompt genericprogram.cpp
         genericprogram.cpp
     1>c:\users\admin\documents\visual studio 2010\projects\genericprogram\genericprogram\genericprogram.cpp(10): warning C4244: 'return' : conversion from 'double' to 'int', possible loss of data
                 c:\users\admin\documents\visual studio 2010\projects\genericprogram\genericprogram\genericprogram.cpp(17) : see reference to function template instantiation 't2 Sum<double,int>(t1,t2)' being compiled
                 with
                 [
                     t2=int,
                     t1=double
                 ]
       ManifestResourceCompile:
         All outputs are up-to-date.
       Link:
         C:\Program Files (x86)\Microsoft Visual Studio 10.0\VC\bin\link.exe /ERRORREPORT:PROMPT /OUT:"C:\Users\admin\documents\visual studio 2010\Projects\genericprogram\Debug\genericprogram.exe" /INCREMENTAL /NOLOGO kernel32.lib user32.lib gdi32.lib winspool.lib comdlg32.lib advapi32.lib shell32.lib ole32.lib oleaut32.lib uuid.lib odbc32.lib odbccp32.lib /MANIFEST /ManifestFile:"Debug\genericprogram.exe.intermediate.manifest" /MANIFESTUAC:"level='asInvoker' uiAccess='false'" /DEBUG /PDB:"C:\Users\admin\documents\visual studio 2010\Projects\genericprogram\Debug\genericprogram.pdb" /SUBSYSTEM:CONSOLE /TLBID:1 /DYNAMICBASE /NXCOMPAT /IMPLIB:"C:\Users\admin\documents\visual studio 2010\Projects\genericprogram\Debug\genericprogram.lib" /MACHINE:X86 Debug\genericprogram.exe.embed.manifest.res
         Debug\genericprogram.obj
         Debug\stdafx.obj
       Manifest:
         C:\Program Files (x86)\Microsoft SDKs\Windows\v7.0A\bin\mt.exe /nologo /verbose /out:"Debug\genericprogram.exe.embed.manifest" /manifest Debug\genericprogram.exe.intermediate.manifest
         All outputs are up-to-date.
       LinkEmbedManifest:
         All outputs are up-to-date.
         genericprogram.vcxproj -> C:\Users\admin\documents\visual studio 2010\Projects\genericprogram\Debug\genericprogram.exe
       FinalizeBuildStatus:
         Deleting file "Debug\genericprogram.unsuccessfulbuild".
         Touching "Debug\genericprogram.lastbuildstate".
     1>Done Building Project "C:\Users\admin\documents\visual studio 2010\Projects\genericprogram\genericprogram\genericprogram.vcxproj" (build target(s)).

Build succeeded.

Time Elapsed 00:00:00.66
