Build started 10/1/2017 7:06:46 AM.
     1>Project "C:\Users\h\documents\visual studio 2010\Projects\defaultconstructor\defaultconstructor\defaultconstructor.vcxproj" on node 2 (build target(s)).
     1>InitializeBuildStatus:
         Touching "Debug\defaultconstructor.unsuccessfulbuild".
       ClCompile:
         All outputs are up-to-date.
         C:\Program Files (x86)\Microsoft Visual Studio 10.0\VC\bin\CL.exe /c /ZI /nologo /W3 /WX- /Od /Oy- /D WIN32 /D _DEBUG /D _CONSOLE /D _UNICODE /D UNICODE /Gm /EHsc /RTC1 /MDd /GS /fp:precise /Zc:wchar_t /Zc:forScope /Yu"StdAfx.h" /Fp"Debug\defaultconstructor.pch" /Fo"Debug\\" /Fd"Debug\vc100.pdb" /Gd /TP /analyze- /errorReport:prompt defaultconstructor.cpp
         defaultconstructor.cpp
       ManifestResourceCompile:
         All outputs are up-to-date.
       Link:
         C:\Program Files (x86)\Microsoft Visual Studio 10.0\VC\bin\link.exe /ERRORREPORT:PROMPT /OUT:"C:\Users\h\documents\visual studio 2010\Projects\defaultconstructor\Debug\defaultconstructor.exe" /INCREMENTAL /NOLOGO kernel32.lib user32.lib gdi32.lib winspool.lib comdlg32.lib advapi32.lib shell32.lib ole32.lib oleaut32.lib uuid.lib odbc32.lib odbccp32.lib /MANIFEST /ManifestFile:"Debug\defaultconstructor.exe.intermediate.manifest" /MANIFESTUAC:"level='asInvoker' uiAccess='false'" /DEBUG /PDB:"C:\Users\h\documents\visual studio 2010\Projects\defaultconstructor\Debug\defaultconstructor.pdb" /SUBSYSTEM:CONSOLE /TLBID:1 /DYNAMICBASE /NXCOMPAT /IMPLIB:"C:\Users\h\documents\visual studio 2010\Projects\defaultconstructor\Debug\defaultconstructor.lib" /MACHINE:X86 Debug\defaultconstructor.exe.embed.manifest.res
         Debug\defaultconstructor.obj
         Debug\stdafx.obj
       Manifest:
         C:\Program Files (x86)\Microsoft SDKs\Windows\v7.0A\bin\mt.exe /nologo /verbose /out:"Debug\defaultconstructor.exe.embed.manifest" /manifest Debug\defaultconstructor.exe.intermediate.manifest
         C:\Program Files (x86)\Microsoft SDKs\Windows\v7.0A\bin\rc.exe /nologo /fo"Debug\defaultconstructor.exe.embed.manifest.res" Debug\defaultconstructor_manifest.rc 
       LinkEmbedManifest:
         C:\Program Files (x86)\Microsoft Visual Studio 10.0\VC\bin\link.exe /ERRORREPORT:PROMPT /OUT:"C:\Users\h\documents\visual studio 2010\Projects\defaultconstructor\Debug\defaultconstructor.exe" /INCREMENTAL /NOLOGO kernel32.lib user32.lib gdi32.lib winspool.lib comdlg32.lib advapi32.lib shell32.lib ole32.lib oleaut32.lib uuid.lib odbc32.lib odbccp32.lib /MANIFEST /ManifestFile:"Debug\defaultconstructor.exe.intermediate.manifest" /MANIFESTUAC:"level='asInvoker' uiAccess='false'" /DEBUG /PDB:"C:\Users\h\documents\visual studio 2010\Projects\defaultconstructor\Debug\defaultconstructor.pdb" /SUBSYSTEM:CONSOLE /TLBID:1 /DYNAMICBASE /NXCOMPAT /IMPLIB:"C:\Users\h\documents\visual studio 2010\Projects\defaultconstructor\Debug\defaultconstructor.lib" /MACHINE:X86 Debug\defaultconstructor.exe.embed.manifest.res
         Debug\defaultconstructor.obj
         Debug\stdafx.obj
         defaultconstructor.vcxproj -> C:\Users\h\documents\visual studio 2010\Projects\defaultconstructor\Debug\defaultconstructor.exe
       FinalizeBuildStatus:
         Deleting file "Debug\defaultconstructor.unsuccessfulbuild".
         Touching "Debug\defaultconstructor.lastbuildstate".
     1>Done Building Project "C:\Users\h\documents\visual studio 2010\Projects\defaultconstructor\defaultconstructor\defaultconstructor.vcxproj" (build target(s)).

Build succeeded.

Time Elapsed 00:00:04.30
