C:\USERS\ASHISH\DOCUMENTS\VISUAL STUDIO 2010\PROJECTS\DOUBLELINKED\DEBUG\DOUBLELINKED.EXE
C:\USERS\ASHISH\DOCUMENTS\VISUAL STUDIO 2010\PROJECTS\DOUBLELINKED\DEBUG\DOUBLELINKED.ILK
C:\USERS\ASHISH\DOCUMENTS\VISUAL STUDIO 2010\PROJECTS\DOUBLELINKED\DEBUG\DOUBLELINKED.PDB
C:\Users\ASHISH\Documents\Visual Studio 2010\Projects\doublelinked\doublelinked\Debug\cl.command.1.tlog
C:\Users\ASHISH\Documents\Visual Studio 2010\Projects\doublelinked\doublelinked\Debug\CL.read.1.tlog
C:\Users\ASHISH\Documents\Visual Studio 2010\Projects\doublelinked\doublelinked\Debug\CL.write.1.tlog
C:\USERS\ASHISH\DOCUMENTS\VISUAL STUDIO 2010\PROJECTS\DOUBLELINKED\DOUBLELINKED\DEBUG\DLINK.OBJ
C:\USERS\ASHISH\DOCUMENTS\VISUAL STUDIO 2010\PROJECTS\DOUBLELINKED\DOUBLELINKED\DEBUG\DOUBLELINKED.EXE.EMBED.MANIFEST
C:\USERS\ASHISH\DOCUMENTS\VISUAL STUDIO 2010\PROJECTS\DOUBLELINKED\DOUBLELINKED\DEBUG\DOUBLELINKED.EXE.EMBED.MANIFEST.RES
C:\USERS\ASHISH\DOCUMENTS\VISUAL STUDIO 2010\PROJECTS\DOUBLELINKED\DOUBLELINKED\DEBUG\DOUBLELINKED.EXE.INTERMEDIATE.MANIFEST
C:\USERS\ASHISH\DOCUMENTS\VISUAL STUDIO 2010\PROJECTS\DOUBLELINKED\DOUBLELINKED\DEBUG\DOUBLELINKED.OBJ
C:\USERS\ASHISH\DOCUMENTS\VISUAL STUDIO 2010\PROJECTS\DOUBLELINKED\DOUBLELINKED\DEBUG\DOUBLELINKED.PCH
C:\Users\ASHISH\Documents\Visual Studio 2010\Projects\doublelinked\doublelinked\Debug\doublelinked.vcxprojResolveAssemblyReference.cache
C:\Users\ASHISH\Documents\Visual Studio 2010\Projects\doublelinked\doublelinked\Debug\doublelinked.write.1.tlog
C:\Users\ASHISH\Documents\Visual Studio 2010\Projects\doublelinked\doublelinked\Debug\doublelinked_manifest.rc
C:\Users\ASHISH\Documents\Visual Studio 2010\Projects\doublelinked\doublelinked\Debug\link.8328.read.1.tlog
C:\Users\ASHISH\Documents\Visual Studio 2010\Projects\doublelinked\doublelinked\Debug\link.8328.write.1.tlog
C:\Users\ASHISH\Documents\Visual Studio 2010\Projects\doublelinked\doublelinked\Debug\link.8328-cvtres.read.1.tlog
C:\Users\ASHISH\Documents\Visual Studio 2010\Projects\doublelinked\doublelinked\Debug\link.8328-cvtres.write.1.tlog
C:\Users\ASHISH\Documents\Visual Studio 2010\Projects\doublelinked\doublelinked\Debug\link.command.1.tlog
C:\Users\ASHISH\Documents\Visual Studio 2010\Projects\doublelinked\doublelinked\Debug\link.read.1.tlog
C:\Users\ASHISH\Documents\Visual Studio 2010\Projects\doublelinked\doublelinked\Debug\link.write.1.tlog
C:\Users\ASHISH\Documents\Visual Studio 2010\Projects\doublelinked\doublelinked\Debug\link-cvtres.read.1.tlog
C:\Users\ASHISH\Documents\Visual Studio 2010\Projects\doublelinked\doublelinked\Debug\link-cvtres.write.1.tlog
C:\Users\ASHISH\Documents\Visual Studio 2010\Projects\doublelinked\doublelinked\Debug\mt.command.1.tlog
C:\Users\ASHISH\Documents\Visual Studio 2010\Projects\doublelinked\doublelinked\Debug\mt.read.1.tlog
C:\Users\ASHISH\Documents\Visual Studio 2010\Projects\doublelinked\doublelinked\Debug\mt.write.1.tlog
C:\Users\ASHISH\Documents\Visual Studio 2010\Projects\doublelinked\doublelinked\Debug\rc.command.1.tlog
C:\Users\ASHISH\Documents\Visual Studio 2010\Projects\doublelinked\doublelinked\Debug\rc.read.1.tlog
C:\Users\ASHISH\Documents\Visual Studio 2010\Projects\doublelinked\doublelinked\Debug\rc.write.1.tlog
C:\USERS\ASHISH\DOCUMENTS\VISUAL STUDIO 2010\PROJECTS\DOUBLELINKED\DOUBLELINKED\DEBUG\STDAFX.OBJ
C:\Users\ASHISH\Documents\Visual Studio 2010\Projects\doublelinked\doublelinked\Debug\vc100.idb
C:\USERS\ASHISH\DOCUMENTS\VISUAL STUDIO 2010\PROJECTS\DOUBLELINKED\DOUBLELINKED\DEBUG\VC100.PDB
