Build started 18-04-2018 21:04:31.
     1>Project "C:\Users\ASHISH\Documents\Visual Studio 2010\Projects\insertion_sort\insertion_sort\insertion_sort.vcxproj" on node 2 (build target(s)).
     1>InitializeBuildStatus:
         Creating "Debug\insertion_sort.unsuccessfulbuild" because "AlwaysCreate" was specified.
       ClCompile:
         c:\Program Files (x86)\Microsoft Visual Studio 10.0\VC\bin\CL.exe /c /ZI /nologo /W3 /WX- /Od /Oy- /D WIN32 /D _DEBUG /D _CONSOLE /D _UNICODE /D UNICODE /Gm /EHsc /RTC1 /MDd /GS /fp:precise /Zc:wchar_t /Zc:forScope /Yc"StdAfx.h" /Fp"Debug\insertion_sort.pch" /Fo"Debug\\" /Fd"Debug\vc100.pdb" /Gd /TP /analyze- /errorReport:prompt stdafx.cpp
         stdafx.cpp
         c:\Program Files (x86)\Microsoft Visual Studio 10.0\VC\bin\CL.exe /c /ZI /nologo /W3 /WX- /Od /Oy- /D WIN32 /D _DEBUG /D _CONSOLE /D _UNICODE /D UNICODE /Gm /EHsc /RTC1 /MDd /GS /fp:precise /Zc:wchar_t /Zc:forScope /Yu"StdAfx.h" /Fp"Debug\insertion_sort.pch" /Fo"Debug\\" /Fd"Debug\vc100.pdb" /Gd /TP /analyze- /errorReport:prompt insertion_sort.cpp
         Skipping... (no relevant changes detected)
         insertion_sort.cpp
       ManifestResourceCompile:
         All outputs are up-to-date.
       Link:
         c:\Program Files (x86)\Microsoft Visual Studio 10.0\VC\bin\link.exe /ERRORREPORT:PROMPT /OUT:"C:\Users\ASHISH\Documents\Visual Studio 2010\Projects\insertion_sort\Debug\insertion_sort.exe" /INCREMENTAL /NOLOGO kernel32.lib user32.lib gdi32.lib winspool.lib comdlg32.lib advapi32.lib shell32.lib ole32.lib oleaut32.lib uuid.lib odbc32.lib odbccp32.lib /MANIFEST /ManifestFile:"Debug\insertion_sort.exe.intermediate.manifest" /MANIFESTUAC:"level='asInvoker' uiAccess='false'" /DEBUG /PDB:"C:\Users\ASHISH\Documents\Visual Studio 2010\Projects\insertion_sort\Debug\insertion_sort.pdb" /SUBSYSTEM:CONSOLE /TLBID:1 /DYNAMICBASE /NXCOMPAT /IMPLIB:"C:\Users\ASHISH\Documents\Visual Studio 2010\Projects\insertion_sort\Debug\insertion_sort.lib" /MACHINE:X86 Debug\insertion_sort.exe.embed.manifest.res
         Debug\insertion_sort.obj
         Debug\stdafx.obj
       Manifest:
         C:\Program Files (x86)\Microsoft SDKs\Windows\v7.0A\bin\mt.exe /nologo /verbose /out:"Debug\insertion_sort.exe.embed.manifest" /manifest Debug\insertion_sort.exe.intermediate.manifest
         All outputs are up-to-date.
       LinkEmbedManifest:
         All outputs are up-to-date.
         insertion_sort.vcxproj -> C:\Users\ASHISH\Documents\Visual Studio 2010\Projects\insertion_sort\Debug\insertion_sort.exe
       FinalizeBuildStatus:
         Deleting file "Debug\insertion_sort.unsuccessfulbuild".
         Touching "Debug\insertion_sort.lastbuildstate".
     1>Done Building Project "C:\Users\ASHISH\Documents\Visual Studio 2010\Projects\insertion_sort\insertion_sort\insertion_sort.vcxproj" (build target(s)).

Build succeeded.

Time Elapsed 00:00:05.84
