Build started 1/18/2018 2:33:28 PM.
     1>Project "C:\Users\admin\Documents\Visual Studio 2010\Projects\PermutationList\PermutationList\PermutationList.vcxproj" on node 2 (rebuild target(s)).
     1>_PrepareForClean:
         Deleting file "Debug\PermutationList.lastbuildstate".
       InitializeBuildStatus:
         Touching "Debug\PermutationList.unsuccessfulbuild".
       ClCompile:
         C:\Program Files (x86)\Microsoft Visual Studio 10.0\VC\bin\CL.exe /c /ZI /nologo /W3 /WX- /Od /Oy- /D WIN32 /D _DEBUG /D _CONSOLE /D _UNICODE /D UNICODE /Gm /EHsc /RTC1 /MDd /GS /fp:precise /Zc:wchar_t /Zc:forScope /Yc"StdAfx.h" /Fp"Debug\PermutationList.pch" /Fo"Debug\\" /Fd"Debug\vc100.pdb" /Gd /TP /analyze- /errorReport:prompt stdafx.cpp
         stdafx.cpp
         C:\Program Files (x86)\Microsoft Visual Studio 10.0\VC\bin\CL.exe /c /ZI /nologo /W3 /WX- /Od /Oy- /D WIN32 /D _DEBUG /D _CONSOLE /D _UNICODE /D UNICODE /Gm /EHsc /RTC1 /MDd /GS /fp:precise /Zc:wchar_t /Zc:forScope /Yu"StdAfx.h" /Fp"Debug\PermutationList.pch" /Fo"Debug\\" /Fd"Debug\vc100.pdb" /Gd /TP /analyze- /errorReport:prompt PermutationList.cpp
         PermutationList.cpp
     1>c:\users\admin\documents\visual studio 2010\projects\permutationlist\permutationlist\permutationlist.cpp(13): error C2664: 'per' : cannot convert parameter 1 from 'char [4]' to 'int []'
                 Types pointed to are unrelated; conversion requires reinterpret_cast, C-style cast or function-style cast
     1>c:\users\admin\documents\visual studio 2010\projects\permutationlist\permutationlist\permutationlist.cpp(25): error C2664: 'void std::swap<char*>(_Ty &,_Ty &)' : cannot convert parameter 1 from 'char *' to 'char *&'
                 with
                 [
                     _Ty=char *
                 ]
     1>c:\users\admin\documents\visual studio 2010\projects\permutationlist\permutationlist\permutationlist.cpp(27): error C2664: 'void std::swap<char*>(_Ty &,_Ty &)' : cannot convert parameter 1 from 'char *' to 'char *&'
                 with
                 [
                     _Ty=char *
                 ]
     1>Done Building Project "C:\Users\admin\Documents\Visual Studio 2010\Projects\PermutationList\PermutationList\PermutationList.vcxproj" (rebuild target(s)) -- FAILED.

Build FAILED.

Time Elapsed 00:00:00.39
