Build started 22-01-2018 22:31:29.
     1>Project "C:\Users\ASHISH\Documents\Visual Studio 2010\Projects\dignal\dignal\dignal.vcxproj" on node 2 (build target(s)).
     1>InitializeBuildStatus:
         Creating "Debug\dignal.unsuccessfulbuild" because "AlwaysCreate" was specified.
       ClCompile:
         All outputs are up-to-date.
         c:\Program Files (x86)\Microsoft Visual Studio 10.0\VC\bin\CL.exe /c /ZI /nologo /W3 /WX- /Od /Oy- /D WIN32 /D _DEBUG /D _CONSOLE /D _UNICODE /D UNICODE /Gm /EHsc /RTC1 /MDd /GS /fp:precise /Zc:wchar_t /Zc:forScope /Yu"StdAfx.h" /Fp"Debug\dignal.pch" /Fo"Debug\\" /Fd"Debug\vc100.pdb" /Gd /TP /analyze- /errorReport:prompt dignal.cpp
         dignal.cpp
     1>c:\users\ashish\documents\visual studio 2010\projects\dignal\dignal\dignal.cpp(10): warning C4008: 'wmain' : 'inline' attribute ignored
       ManifestResourceCompile:
         All outputs are up-to-date.
       Link:
         c:\Program Files (x86)\Microsoft Visual Studio 10.0\VC\bin\link.exe /ERRORREPORT:PROMPT /OUT:"C:\Users\ASHISH\Documents\Visual Studio 2010\Projects\dignal\Debug\dignal.exe" /INCREMENTAL /NOLOGO kernel32.lib user32.lib gdi32.lib winspool.lib comdlg32.lib advapi32.lib shell32.lib ole32.lib oleaut32.lib uuid.lib odbc32.lib odbccp32.lib /MANIFEST /ManifestFile:"Debug\dignal.exe.intermediate.manifest" /MANIFESTUAC:"level='asInvoker' uiAccess='false'" /DEBUG /PDB:"C:\Users\ASHISH\Documents\Visual Studio 2010\Projects\dignal\Debug\dignal.pdb" /SUBSYSTEM:CONSOLE /TLBID:1 /DYNAMICBASE /NXCOMPAT /IMPLIB:"C:\Users\ASHISH\Documents\Visual Studio 2010\Projects\dignal\Debug\dignal.lib" /MACHINE:X86 Debug\dignal.exe.embed.manifest.res
         Debug\dignal.obj
         Debug\stdafx.obj
       Manifest:
         C:\Program Files (x86)\Microsoft SDKs\Windows\v7.0A\bin\mt.exe /nologo /verbose /out:"Debug\dignal.exe.embed.manifest" /manifest Debug\dignal.exe.intermediate.manifest
         All outputs are up-to-date.
       LinkEmbedManifest:
         All outputs are up-to-date.
         dignal.vcxproj -> C:\Users\ASHISH\Documents\Visual Studio 2010\Projects\dignal\Debug\dignal.exe
       FinalizeBuildStatus:
         Deleting file "Debug\dignal.unsuccessfulbuild".
         Touching "Debug\dignal.lastbuildstate".
     1>Done Building Project "C:\Users\ASHISH\Documents\Visual Studio 2010\Projects\dignal\dignal\dignal.vcxproj" (build target(s)).

Build succeeded.

Time Elapsed 00:00:08.71
